
---------
Clasterisation - k-maens - beginning
Finde Clusteroids
Read from file:  uc_kep_obs/temp_uc_kep_obs.txt_1000.csv
Read Data  completed in 9.701 seconds
Get random clusteroids  completed in 1.255 seconds
Rundom clusteroids [279, 113, 305, 447, 327, 624, 912, 33, 864, 426, 925, 665, 217, 804, 443, 392, 53, 101, 552, 936, 669, 262, 783, 642, 659, 562, 587, 895, 348, 743, 682, 201, 137, 814, 771, 344, 598, 37, 372, 781, 459, 793, 144, 968, 437, 355, 536, 737, 385, 902, 867, 543, 359, 657, 309, 503, 744, 71, 460, 803, 46, 572, 418, 487, 326, 810, 354, 950, 457, 500, 898, 690, 475, 104, 275, 715, 952, 931, 542, 136, 518, 863, 121, 529, 170, 320, 465, 559, 522, 971, 960, 188, 88, 155, 142, 17, 779, 679, 517, 1]
Start k-means
---------
Run N 1
Cluster Assignment  completed in 246.869 seconds
Recalculate Clusteroids Cluster 279 new clusteroid 63 min summ distance 3602
Cluster 279 new clusteroid 161 min summ distance 3592
Cluster 912 new clusteroid 230 min summ distance 5322
Cluster 912 new clusteroid 467 min summ distance 5308
Cluster 33 new clusteroid 103 min summ distance 4150
Cluster 426 new clusteroid 509 min summ distance 5338
Cluster 925 new clusteroid 32 min summ distance 5561
Cluster 665 new clusteroid 376 min summ distance 1623
Cluster 217 new clusteroid 697 min summ distance 2157
Cluster 217 new clusteroid 671 min summ distance 2155
Cluster 53 new clusteroid 65 min summ distance 3601
Cluster 101 new clusteroid 888 min summ distance 5281
Cluster 101 new clusteroid 882 min summ distance 5280
Cluster 101 new clusteroid 966 min summ distance 5268
Cluster 552 new clusteroid 693 min summ distance 2139
Cluster 552 new clusteroid 202 min summ distance 2135
Cluster 936 new clusteroid 670 min summ distance 3542
Cluster 669 new clusteroid 850 min summ distance 4064
Cluster 682 new clusteroid 493 min summ distance 1326
Cluster 201 new clusteroid 193 min summ distance 5319
Cluster 137 new clusteroid 872 min summ distance 494
Cluster 814 new clusteroid 413 min summ distance 4341
Cluster 814 new clusteroid 946 min summ distance 4281
Cluster 771 new clusteroid 854 min summ distance 2223
Cluster 37 new clusteroid 160 min summ distance 729
Cluster 781 new clusteroid 868 min summ distance 1805
Cluster 459 new clusteroid 75 min summ distance 2886
Cluster 437 new clusteroid 8 min summ distance 2657
Cluster 737 new clusteroid 755 min summ distance 1846
Cluster 385 new clusteroid 995 min summ distance 2185
Cluster 867 new clusteroid 396 min summ distance 1077
Cluster 359 new clusteroid 111 min summ distance 1638
Cluster 309 new clusteroid 64 min summ distance 456
Cluster 503 new clusteroid 5 min summ distance 1577
Cluster 744 new clusteroid 280 min summ distance 533
Cluster 71 new clusteroid 981 min summ distance 549
Cluster 460 new clusteroid 456 min summ distance 1073
Cluster 460 new clusteroid 408 min summ distance 1058
Cluster 418 new clusteroid 558 min summ distance 473
Cluster 354 new clusteroid 794 min summ distance 1797
Cluster 898 new clusteroid 556 min summ distance 5017
Cluster 475 new clusteroid 672 min summ distance 1016
Cluster 104 new clusteroid 589 min summ distance 529
Cluster 715 new clusteroid 135 min summ distance 740
Cluster 518 new clusteroid 524 min summ distance 1019
Cluster 518 new clusteroid 380 min summ distance 1014
Cluster 863 new clusteroid 735 min summ distance 1870
Cluster 863 new clusteroid 721 min summ distance 1863
Cluster 121 new clusteroid 158 min summ distance 2971
Cluster 121 new clusteroid 274 min summ distance 2954
Cluster 170 new clusteroid 501 min summ distance 5168
Cluster 170 new clusteroid 821 min summ distance 5164
Cluster 320 new clusteroid 578 min summ distance 2714
Cluster 320 new clusteroid 491 min summ distance 2703
Cluster 320 new clusteroid 512 min summ distance 2697
Cluster 320 new clusteroid 368 min summ distance 2684
Cluster 522 new clusteroid 194 min summ distance 2736
Cluster 960 new clusteroid 772 min summ distance 4402
Cluster 960 new clusteroid 395 min summ distance 4392
Cluster 142 new clusteroid 660 min summ distance 5296
Cluster 17 new clusteroid 801 min summ distance 1659
Cluster 779 new clusteroid 345 min summ distance 4441
Cluster 1 new clusteroid 747 min summ distance 518
 completed in 186.958 seconds
Run 1 Intermidiate clusteroids new [(161, 3592), (113, 1853), (305, 3375), (447, 1107), (327, 2618), (624, 5223), (467, 5308), (103, 4150), (864, 197), (509, 5338), (32, 5561), (376, 1623), (671, 2155), (804, 1318), (443, 2658), (392, 2590), (65, 3601), (966, 5268), (202, 2135), (670, 3542), (850, 4064), (262, 2796), (783, 1761), (642, 5392), (659, 5482), (562, 2444), (587, 1886), (895, 237), (348, 2823), (743, 1379), (493, 1326), (193, 5319), (872, 494), (946, 4281), (854, 2223), (344, 271), (598, 5327), (160, 729), (372, 1320), (868, 1805), (75, 2886), (793, 3315), (144, 1352), (968, 1384), (8, 2657), (355, 786), (536, 2224), (755, 1846), (995, 2185), (902, 2369), (396, 1077), (543, 235), (111, 1638), (657, 1646), (64, 456), (5, 1577), (280, 533), (981, 549), (408, 1058), (803, 2120), (46, 2953), (572, 1064), (558, 473), (487, 2951), (326, 2133), (810, 267), (794, 1797), (950, 1644), (457, 2784), (500, 790), (556, 5017), (690, 2018), (672, 1016), (589, 529), (275, 1300), (135, 740), (952, 5258), (931, 3310), (542, 252), (136, 728), (380, 1014), (721, 1863), (274, 2954), (529, 510), (821, 5164), (368, 2684), (465, 2402), (559, 5008), (194, 2736), (971, 2589), (395, 4392), (188, 193), (88, 2052), (155, 3245), (660, 5296), (801, 1659), (345, 4441), (679, 4271), (517, 444), (747, 518)]
Run N 1 completed in 434.156 seconds
---------
Run N 2
Cluster Assignment  completed in 251.271 seconds
Recalculate Clusteroids Cluster 562 new clusteroid 110 min summ distance 1279
Cluster 895 new clusteroid 199 min summ distance 515
Cluster 193 new clusteroid 201 min summ distance 3114
Cluster 872 new clusteroid 855 min summ distance 767
Cluster 854 new clusteroid 197 min summ distance 2909
Cluster 854 new clusteroid 836 min summ distance 2904
Cluster 5 new clusteroid 94 min summ distance 2118
Cluster 803 new clusteroid 724 min summ distance 1015
Cluster 46 new clusteroid 929 min summ distance 2135
Cluster 794 new clusteroid 492 min summ distance 995
Cluster 821 new clusteroid 485 min summ distance 5238
Cluster 660 new clusteroid 785 min summ distance 5252
 completed in 125.472 seconds
Run 2 Intermidiate clusteroids new [(161, 2768), (113, 1296), (305, 2300), (447, 827), (327, 2070), (624, 5222), (467, 5278), (103, 3863), (864, 197), (509, 5337), (32, 5561), (376, 4637), (671, 1806), (804, 1041), (443, 1284), (392, 2317), (65, 5189), (966, 5274), (202, 1818), (670, 3533), (850, 5414), (262, 2789), (783, 1761), (642, 4310), (659, 5205), (110, 1279), (587, 1617), (199, 515), (348, 2815), (743, 1379), (493, 2945), (201, 3114), (855, 767), (946, 3970), (836, 2904), (344, 271), (598, 5334), (160, 1516), (372, 772), (868, 2040), (75, 3125), (793, 1633), (144, 1062), (968, 1384), (8, 5303), (355, 786), (536, 2502), (755, 5236), (995, 1348), (902, 1290), (396, 3556), (543, 235), (111, 2187), (657, 534), (64, 1268), (94, 2118), (280, 810), (981, 2227), (408, 1615), (724, 1015), (929, 2135), (572, 226), (558, 455), (487, 2422), (326, 1036), (810, 267), (492, 995), (950, 1366), (457, 1107), (500, 512), (556, 5210), (690, 1744), (672, 1001), (589, 815), (275, 457), (135, 2889), (952, 4202), (931, 2191), (542, 252), (136, 728), (380, 714), (721, 1848), (274, 4241), (529, 788), (485, 5238), (368, 2705), (465, 1047), (559, 5013), (194, 3000), (971, 1533), (395, 4383), (188, 193), (88, 1255), (155, 2401), (785, 5252), (801, 1380), (345, 3884), (679, 3452), (517, 176), (747, 237)]
Run N 2 completed in 376.835 seconds
---------
Run N 3
Cluster Assignment  completed in 222.619 seconds
Recalculate Clusteroids Cluster 199 new clusteroid 346 min summ distance 486
Cluster 345 new clusteroid 779 min summ distance 3595
 completed in 121.691 seconds
Run 3 Intermidiate clusteroids new [(161, 2768), (113, 1296), (305, 2300), (447, 827), (327, 2070), (624, 5220), (467, 5279), (103, 4141), (864, 197), (509, 5337), (32, 5561), (376, 4637), (671, 1806), (804, 1041), (443, 1015), (392, 2317), (65, 4922), (966, 5274), (202, 1818), (670, 3533), (850, 5411), (262, 2789), (783, 1761), (642, 4857), (659, 5205), (110, 991), (587, 1617), (346, 486), (348, 2815), (743, 1379), (493, 2673), (201, 2840), (855, 767), (946, 3970), (836, 3185), (344, 271), (598, 5353), (160, 1516), (372, 772), (868, 2040), (75, 3125), (793, 1633), (144, 1062), (968, 1384), (8, 5024), (355, 786), (536, 2502), (755, 5236), (995, 1348), (902, 1290), (396, 3556), (543, 235), (111, 2187), (657, 534), (64, 1535), (94, 2946), (280, 810), (981, 2227), (408, 1615), (724, 1011), (929, 2928), (572, 226), (558, 455), (487, 2702), (326, 1036), (810, 267), (492, 1509), (950, 1366), (457, 1107), (500, 512), (556, 5219), (690, 1744), (672, 1001), (589, 815), (275, 457), (135, 2889), (952, 3662), (931, 2191), (542, 252), (136, 728), (380, 714), (721, 1565), (274, 4241), (529, 788), (485, 5231), (368, 2705), (465, 1047), (559, 5013), (194, 3000), (971, 1533), (395, 4383), (188, 193), (88, 981), (155, 2401), (785, 5243), (801, 1380), (779, 3595), (679, 3452), (517, 176), (747, 237)]
Run N 3 completed in 344.421 seconds
---------
Run N 4
Cluster Assignment  completed in 206.014 seconds
Recalculate Clusteroids Cluster 671 new clusteroid 167 min summ distance 2068
 completed in 119.219 seconds
Run 4 Intermidiate clusteroids new [(161, 2768), (113, 1296), (305, 2300), (447, 827), (327, 2070), (624, 5220), (467, 5279), (103, 4141), (864, 197), (509, 5337), (32, 5561), (376, 4637), (167, 2068), (804, 1041), (443, 1015), (392, 2317), (65, 4922), (966, 5274), (202, 1818), (670, 3533), (850, 5411), (262, 2789), (783, 1761), (642, 4857), (659, 5205), (110, 991), (587, 1617), (346, 486), (348, 2815), (743, 1379), (493, 2673), (201, 2840), (855, 767), (946, 3970), (836, 3185), (344, 271), (598, 5353), (160, 1516), (372, 772), (868, 2040), (75, 3125), (793, 1633), (144, 1062), (968, 1384), (8, 5024), (355, 786), (536, 2502), (755, 5236), (995, 1348), (902, 1290), (396, 3556), (543, 235), (111, 2187), (657, 534), (64, 1535), (94, 3211), (280, 810), (981, 2227), (408, 1615), (724, 1011), (929, 2928), (572, 226), (558, 455), (487, 2702), (326, 1036), (810, 267), (492, 1509), (950, 1366), (457, 1107), (500, 512), (556, 5219), (690, 1744), (672, 1001), (589, 815), (275, 457), (135, 2889), (952, 3662), (931, 2191), (542, 252), (136, 728), (380, 714), (721, 1565), (274, 4241), (529, 788), (485, 5231), (368, 2705), (465, 1047), (559, 5013), (194, 3000), (971, 1533), (395, 4383), (188, 193), (88, 981), (155, 2401), (785, 5243), (801, 1380), (779, 3057), (679, 3452), (517, 176), (747, 237)]
Run N 4 completed in 325.67 seconds
---------
Run N 5
Cluster Assignment  completed in 198.281 seconds
Recalculate Clusteroids  completed in 149.789 seconds
Run 5 Intermidiate clusteroids new [(161, 2768), (113, 1296), (305, 2300), (447, 827), (327, 2070), (624, 5220), (467, 5279), (103, 4141), (864, 197), (509, 5337), (32, 5561), (376, 4637), (167, 2618), (804, 1041), (443, 1015), (392, 2317), (65, 4922), (966, 5274), (202, 1818), (670, 3533), (850, 5411), (262, 2789), (783, 1761), (642, 4857), (659, 5205), (110, 991), (587, 1617), (346, 486), (348, 2815), (743, 1379), (493, 2673), (201, 2840), (855, 466), (946, 3970), (836, 2899), (344, 271), (598, 5353), (160, 1516), (372, 772), (868, 2040), (75, 3125), (793, 1633), (144, 1062), (968, 1384), (8, 5024), (355, 786), (536, 2502), (755, 5236), (995, 1348), (902, 1290), (396, 3556), (543, 235), (111, 2187), (657, 534), (64, 1535), (94, 2946), (280, 810), (981, 2227), (408, 1615), (724, 1011), (929, 2928), (572, 226), (558, 455), (487, 2702), (326, 1036), (810, 267), (492, 1509), (950, 1366), (457, 1107), (500, 512), (556, 5219), (690, 1744), (672, 1001), (589, 815), (275, 457), (135, 2889), (952, 3662), (931, 2191), (542, 252), (136, 728), (380, 714), (721, 1565), (274, 4241), (529, 788), (485, 5230), (368, 2705), (465, 1047), (559, 5013), (194, 3000), (971, 1533), (395, 4672), (188, 193), (88, 981), (155, 2401), (785, 5243), (801, 1380), (779, 3057), (679, 3452), (517, 176), (747, 237)]
Run N 5 completed in 348.175 seconds
---------
Run N 6
Cluster Assignment  completed in 198.003 seconds
Recalculate Clusteroids  completed in 117.508 seconds
Run 6 Intermidiate clusteroids new [(161, 2768), (113, 1296), (305, 2300), (447, 827), (327, 2070), (624, 5220), (467, 5279), (103, 4141), (864, 197), (509, 5337), (32, 5561), (376, 4637), (167, 2618), (804, 1041), (443, 1015), (392, 2317), (65, 4922), (966, 5274), (202, 1818), (670, 3533), (850, 5411), (262, 2789), (783, 1761), (642, 4857), (659, 5205), (110, 991), (587, 1617), (346, 486), (348, 2815), (743, 1379), (493, 2673), (201, 2840), (855, 466), (946, 3970), (836, 2899), (344, 271), (598, 5353), (160, 1516), (372, 772), (868, 2040), (75, 3125), (793, 1633), (144, 1062), (968, 1384), (8, 5024), (355, 786), (536, 2502), (755, 5236), (995, 1348), (902, 1290), (396, 3556), (543, 235), (111, 2187), (657, 534), (64, 1535), (94, 2946), (280, 810), (981, 2227), (408, 1615), (724, 1011), (929, 2928), (572, 226), (558, 455), (487, 2702), (326, 1036), (810, 267), (492, 1509), (950, 1366), (457, 1107), (500, 512), (556, 5219), (690, 1744), (672, 1001), (589, 815), (275, 457), (135, 2889), (952, 3662), (931, 2191), (542, 252), (136, 728), (380, 714), (721, 1565), (274, 4241), (529, 788), (485, 5230), (368, 2705), (465, 1047), (559, 5013), (194, 3000), (971, 1533), (395, 4672), (188, 193), (88, 981), (155, 2401), (785, 5243), (801, 1380), (779, 3057), (679, 3452), (517, 176), (747, 237)]
Run N 6 completed in 315.605 seconds
Clasterisation - end.
7 runs, final clusteroids with local density [(161, 2768), (113, 1296), (305, 2300), (447, 827), (327, 2070), (624, 5220), (467, 5279), (103, 4141), (864, 197), (509, 5337), (32, 5561), (376, 4637), (167, 2618), (804, 1041), (443, 1015), (392, 2317), (65, 4922), (966, 5274), (202, 1818), (670, 3533), (850, 5411), (262, 2789), (783, 1761), (642, 4857), (659, 5205), (110, 991), (587, 1617), (346, 486), (348, 2815), (743, 1379), (493, 2673), (201, 2840), (855, 466), (946, 3970), (836, 2899), (344, 271), (598, 5353), (160, 1516), (372, 772), (868, 2040), (75, 3125), (793, 1633), (144, 1062), (968, 1384), (8, 5024), (355, 786), (536, 2502), (755, 5236), (995, 1348), (902, 1290), (396, 3556), (543, 235), (111, 2187), (657, 534), (64, 1535), (94, 2946), (280, 810), (981, 2227), (408, 1615), (724, 1011), (929, 2928), (572, 226), (558, 455), (487, 2702), (326, 1036), (810, 267), (492, 1509), (950, 1366), (457, 1107), (500, 512), (556, 5219), (690, 1744), (672, 1001), (589, 815), (275, 457), (135, 2889), (952, 3662), (931, 2191), (542, 252), (136, 728), (380, 714), (721, 1565), (274, 4241), (529, 788), (485, 5230), (368, 2705), (465, 1047), (559, 5013), (194, 3000), (971, 1533), (395, 4672), (188, 193), (88, 981), (155, 2401), (785, 5243), (801, 1380), (779, 3057), (679, 3452), (517, 176), (747, 237)]

