---------
Finde Clusteroids
Data preparation - beginning

number_of_clusteroids = 200
num_of_rows = 1000
File name = uc_kep_obs/uc_kep_obs.txt
/Users/Nikita/hadoop/project_py/clustering_spark_uc_kep_obs.py:554: FutureWarning: the coerce=True keyword is deprecated, use errors='coerce' instead
  dateparser = lambda x: pd.to_datetime(x, format='%Y-%m-%d', coerce=True)

Convert Dates
Process: reg_dt
Process: since_asv_max
Process: upto_asv_max
Process: since_asv_min
Process: upto_asv_min
Process: since_bk
Process: upto_bk
Process: since_diadoc
Process: upto_diadoc
Process: since_edi
Process: upto_edi
Process: since_alko
Process: upto_alko
Process: since_egais
Process: upto_egais
Process: since_kz
Process: upto_kz
Process: since_fms
Process: upto_fms
Process: since_kn
Process: upto_kn
Process: since_kf
Process: upto_kf
Process: since_ke
Process: upto_ke
Process: since_kep
Process: upto_kep
Process: since_kep_egais
Process: upto_kep_egais
Process: since_nds
Process: upto_nds
Process: since_etp
Process: upto_etp
Process: since_kemb
Process: upto_kemb
Process: demo_kopf_date
Process: etp_activity_bd
Process: etp_activity_ed
Process: etp_accredit_bd
Process: etp_accredit_ed
Process: cert_etprf_upto
Process: cert_sb_upto
Process: ksnds_date_last_login

Categorize columns
Process: ['personal', 0, 100000, 100]
Process: ['cnt_founder_ul', 0, 100, 20]
Process: ['cnt_founder_fl', 0, 500, 50]
Process: ['revenue', 0, 2000000000000, 1000000]
Process: ['revenue2014', 0, 2000000000000, 1000000]
Process: ['revenue2015', 0, 2000000000000, 1000000]
Process: ['profit2014', -50000000000, 50000000000, 1000000]
Process: ['arbitrage_c', 0, 10000, 10]
Process: ['arbitrage_c_lastyear', 0, 10000, 10]
Process: ['arbitrage_d', 0, 10000, 10]
Process: ['arbitrage_cd', 0, 10000, 10]
Process: ['etp_cnt', 0, 50000, 1000]
Process: ['alko_shipper_cnt', 0, 50, 10]
Process: ['summ_contracts44', 0, 50000000000, 1000000]
Process: ['summ_contracts223', 0, 50000000000, 1000000]
Process: ['cnt_ca_8', 0, 1000, 10]
Process: ['cnt_ca_8_active_ca', 0, 1000, 10]
Process: ['cnt_ca_9', 0, 1000, 10]
Process: ['cnt_ca_9_active_ca', 0, 1000, 10]
Process: ['invoices_count_8', 0, 1000000, 10000]
Process: ['invoices_count_9', 0, 1000000, 10000]

Data preparation - end.

Clssterisation - k-maens - beginning
Assign random clusters
Random Clusteroids [235  95 873 224 648 193 956  35 194 184 572 231 267 913 939 778 558 176
 962 680 500 239 729 579 804 247 662 174 740 550 412  34  43  64 601 346
 222 672   3 413 245 667  15 376 859 556 272 842 475 637 204 627 663  68
 512 610 229 562 790 259 391 977 437 335 331 238 416 946 219 978 864 217
 135 128 230 631 568 279 822 891 521 861 895  93 255 655 244 733 294 395
 650 552 543 896 357 205 442 111 494  30 576 897 363 353 971 157 342 293
 126 992 265 968 140 801 320 797 884 426 922 258 925 144 360 339 681  23
 993 400  24 472 592 812 695 149 100 673 383 858 957   4 225  78 387 565
 493 158 356 722 933 867 727  11 973  21  82 540 459 775 341 704 532 807
 467 539 214 312 749 441 970 952 587 620 665 564 855 537 233  87 241 904
 251 742 661 173 654 718 686 828 773 569 894  90 928 641 938 811 944 605
 325 837]
Start k-means
---------
Run N 1
Assign clusters - begin
0-24 1-342 2-233 3-3 4-4 5-363 6-400 7-637 8-95 9-620 10-43 11-11 12-655 13-230 14-740 15-15 16-576 17-801 18-740 19-400 20-441 21-21 22-15 23-23 24-24 25-342 26-641 27-540 28-412 29-30 30-30 31-637 32-245 33-441 34-34 35-35 36-342 37-568 38-740 39-241 40-357 41-441 42-241 43-43 44-15 45-15 46-255 47-229 48-342 49-272 50-812 51-395 52-500 53-442 54-255 55-568 56-956 57-637 58-952 59-342 60-247 61-157 62-812 63-279 64-64 65-442 66-157 67-412 68-68 69-812 70-294 71-740 72-565 73-729 74-695 75-459 76-897 77-993 78-78 79-395 80-255 81-356 82-82 83-977 84-383 85-174 86-992 87-87 88-43 89-241 90-90 91-695 92-78 93-93 94-620 95-95 96-556 97-576 98-993 99-610 100-100 101-576 102-601 103-15 104-174 105-272 106-922 107-383 108-512 109-733 110-562 111-111 112-15 113-258 114-467 115-219 116-568 117-230 118-922 119-412 120-34 121-241 122-241 123-294 124-230 125-512 126-126 127-78 128-128 129-21 130-956 131-896 132-157 133-740 134-467 135-135 136-556 137-859 138-78 139-235 140-140 141-128 142-579 143-231 144-144 145-413 146-135 147-43 148-194 149-149 150-620 151-157 152-15 153-922 154-376 155-859 156-565 157-157 158-158 159-442 160-442 161-279 162-279 163-812 164-64 165-812 166-928 167-812 168-655 169-320 170-993 171-245 172-467 173-173 174-174 175-956 176-176 177-922 178-467 179-922 180-241 181-556 182-569 183-576 184-184 185-342 186-952 187-293 188-413 189-973 190-412 191-922 192-922 193-193 194-194 195-952 196-913 197-395 198-395 199-346 200-35 201-193 202-946 203-235 204-204 205-205 206-565 207-681 208-661 209-568 210-265 211-568 212-230 213-993 214-214 215-804 216-413 217-217 218-400 219-219 220-230 221-467 222-222 223-219 224-224 225-225 226-230 227-193 228-204 229-229 230-230 231-231 232-331 233-233 234-922 235-235 236-944 237-412 238-238 239-239 240-775 241-241 242-913 243-395 244-244 245-245 246-331 247-247 248-537 249-15 250-251 251-251 252-35 253-426 254-87 255-255 256-740 257-740 258-258 259-259 260-259 261-204 262-956 263-15 264-95 265-265 266-35 267-267 268-342 269-194 270-648 271-87 272-272 273-259 274-241 275-43 276-667 277-556 278-360 279-279 280-667 281-312 282-812 283-952 284-279 285-320 286-413 287-229 288-494 289-695 290-973 291-259 292-219 293-293 294-294 295-922 296-922 297-135 298-655 299-992 300-219 301-971 302-238 303-383 304-956 305-797 306-663 307-360 308-704 309-884 310-956 311-219 312-312 313-426 314-740 315-662 316-238 317-733 318-837 319-231 320-320 321-579 322-241 323-335 324-695 325-325 326-790 327-43 328-740 329-238 330-194 331-331 332-193 333-837 334-576 335-335 336-500 337-426 338-15 339-339 340-740 341-341 342-342 343-565 344-740 345-812 346-346 347-922 348-897 349-978 350-230 351-235 352-637 353-353 354-556 355-500 356-356 357-357 358-259 359-610 360-360 361-512 362-742 363-363 364-540 365-219 366-30 367-64 368-493 369-259 370-30 371-412 372-293 373-576 374-259 375-259 376-376 377-222 378-500 379-400 380-100 381-82 382-193 383-383 384-174 385-219 386-977 387-387 388-43 389-230 390-412 391-391 392-238 393-416 394-837 395-395 396-472 397-740 398-331 399-259 400-400 401-24 402-655 403-4 404-259 405-258 406-231 407-648 408-231 409-231 410-565 411-565 412-412 413-413 414-184 415-648 416-416 417-532 418-790 419-565 420-267 421-35 422-956 423-576 424-637 425-356 426-426 427-952 428-641 429-641 430-801 431-21 432-15 433-500 434-740 435-412 436-620 437-437 438-540 439-400 440-532 441-441 442-442 443-43 444-174 445-579 446-413 447-740 448-729 449-412 450-312 451-812 452-229 453-320 454-971 455-241 456-128 457-718 458-90 459-459 460-459 461-564 462-395 463-235 464-978 465-790 466-229 467-467 468-962 469-556 470-245 471-568 472-472 473-219 474-15 475-475 476-740 477-467 478-801 479-922 480-241 481-395 482-512 483-655 484-174 485-193 486-231 487-331 488-135 489-933 490-740 491-512 492-293 493-493 494-494 495-24 496-204 497-467 498-259 499-572 500-500 501-413 502-467 503-540 504-395 505-740 506-258 507-472 508-157 509-426 510-363 511-568 512-512 513-648 514-426 515-426 516-279 517-294 518-897 519-952 520-662 521-521 522-194 523-922 524-828 525-579 526-565 527-904 528-412 529-24 530-15 531-247 532-532 533-556 534-255 535-412 536-956 537-537 538-95 539-539 540-540 541-24 542-11 543-543 544-993 545-540 546-437 547-383 548-341 549-568 550-550 551-778 552-552 553-229 554-946 555-956 556-556 557-235 558-558 559-922 560-576 561-383 562-562 563-971 564-564 565-565 566-928 567-229 568-568 569-569 570-956 571-342 572-572 573-219 574-442 575-241 576-576 577-238 578-320 579-579 580-395 581-742 582-956 583-157 584-637 585-15 586-637 587-587 588-15 589-205 590-176 591-412 592-592 593-335 594-231 595-24 596-579 597-15 598-412 599-30 600-255 601-601 602-158 603-34 604-259 605-740 606-620 607-15 608-426 609-494 610-610 611-962 612-400 613-576 614-15 615-565 616-335 617-30 618-247 619-493 620-620 621-95 622-859 623-34 624-565 625-35 626-437 627-627 628-157 629-158 630-126 631-631 632-68 633-363 634-363 635-740 636-475 637-637 638-95 639-15 640-601 641-641 642-24 643-245 644-245 645-441 646-294 647-801 648-648 649-43 650-650 651-556 652-722 653-400 654-654 655-655 656-661 657-15 658-157 659-494 660-493 661-661 662-662 663-663 664-395 665-665 666-43 667-667 668-742 669-413 670-219 671-395 672-672 673-673 674-219 675-231 676-376 677-413 678-149 679-568 680-680 681-681 682-493 683-568 684-493 685-356 686-686 687-569 688-532 689-512 690-913 691-140 692-837 693-217 694-568 695-695 696-673 697-383 698-661 699-565 700-459 701-78 702-952 703-704 704-704 705-229 706-90 707-376 708-222 709-778 710-922 711-193 712-946 713-742 714-568 715-475 716-219 717-441 718-718 719-43 720-565 721-946 722-722 723-78 724-294 725-695 726-467 727-727 728-973 729-729 730-35 731-204 732-859 733-733 734-896 735-413 736-78 737-837 738-157 739-971 740-740 741-740 742-742 743-740 744-956 745-667 746-493 747-158 748-235 749-749 750-413 751-87 752-149 753-828 754-576 755-565 756-822 757-662 758-217 759-64 760-413 761-395 762-325 763-30 764-126 765-241 766-922 767-512 768-978 769-946 770-610 771-205 772-244 773-773 774-217 775-775 776-82 777-78 778-778 779-812 780-790 781-922 782-913 783-922 784-922 785-493 786-233 787-312 788-395 789-662 790-790 791-837 792-952 793-837 794-293 795-655 796-219 797-797 798-733 799-648 800-956 801-801 802-568 803-294 804-804 805-812 806-837 807-807 808-459 809-993 810-956 811-811 812-812 813-78 814-413 815-667 816-733 817-194 818-194 819-565 820-733 821-946 822-822 823-245 824-977 825-413 826-952 827-740 828-828 829-442 830-648 831-173 832-363 833-801 834-648 835-294 836-859 837-837 838-576 839-235 840-681 841-412 842-842 843-956 844-412 845-778 846-977 847-512 848-111 849-913 850-778 851-790 852-807 853-962 854-395 855-855 856-335 857-801 858-858 859-859 860-294 861-861 862-556 863-413 864-864 865-24 866-193 867-867 868-922 869-822 870-259 871-312 872-873 873-873 874-952 875-412 876-217 877-896 878-467 879-957 880-174 881-973 882-695 883-294 884-884 885-897 886-193 887-467 888-565 889-822 890-413 891-891 892-400 893-952 894-894 895-895 896-896 897-897 898-556 899-214 900-341 901-973 902-543 903-704 904-904 905-467 906-78 907-312 908-176 909-78 910-241 911-978 912-219 913-913 914-413 915-467 916-956 917-238 918-245 919-673 920-933 921-111 922-922 923-184 924-973 925-925 926-193 927-64 928-928 929-259 930-193 931-312 932-4 933-933 934-740 935-521 936-219 937-176 938-938 939-939 940-342 941-30 942-231 943-558 944-944 945-395 946-946 947-82 948-383 949-837 950-467 951-342 952-952 953-245 954-412 955-891 956-956 957-957 958-312 959-387 960-904 961-858 962-962 963-204 964-565 965-740 966-695 967-556 968-968 969-412 970-970 971-971 972-512 973-973 974-325 975-174 976-576 977-977 978-978 979-412 980-971 981-740 982-78 983-293 984-245 985-174 986-828 987-173 988-993 989-686 990-801 991-858 992-992 993-993 994-576 995-219 996-229 997-971 998-193 999-342 
Assign clusters - end
---------
Clusters [235, 95, 873, 224, 648, 193, 956, 35, 194, 184, 572, 231, 267, 913, 939, 778, 558, 176, 962, 680, 500, 239, 729, 579, 804, 247, 662, 174, 740, 550, 412, 34, 43, 64, 601, 346, 222, 672, 3, 413, 245, 667, 15, 376, 859, 556, 272, 842, 475, 637, 204, 627, 663, 68, 512, 610, 229, 562, 790, 259, 391, 977, 437, 335, 331, 238, 416, 946, 219, 978, 864, 217, 135, 128, 230, 631, 568, 279, 822, 891, 521, 861, 895, 93, 255, 655, 244, 733, 294, 395, 650, 552, 543, 896, 357, 205, 442, 111, 494, 30, 576, 897, 363, 353, 971, 157, 342, 293, 126, 992, 265, 968, 140, 801, 320, 797, 884, 426, 922, 258, 925, 144, 360, 339, 681, 23, 993, 400, 24, 472, 592, 812, 695, 149, 100, 673, 383, 858, 957, 4, 225, 78, 387, 565, 493, 158, 356, 722, 933, 867, 727, 11, 973, 21, 82, 540, 459, 775, 341, 704, 532, 807, 467, 539, 214, 312, 749, 441, 970, 952, 587, 620, 665, 564, 855, 537, 233, 87, 241, 904, 251, 742, 661, 173, 654, 718, 686, 828, 773, 569, 894, 90, 928, 641, 938, 811, 944, 605, 325, 837]
Cluster 235
Cluster 95
----New clusteroid 8 min summ distance 908
Cluster 873
Cluster 224
Cluster 648
Cluster 193
----New clusteroid 201 min summ distance 1692
Cluster 956
Cluster 35
Cluster 194
Cluster 184
Cluster 572
----New clusteroid 499 min summ distance 292
Cluster 231
----New clusteroid 319 min summ distance 1493
Cluster 267
Cluster 913
Cluster 939
Cluster 778
----New clusteroid 850 min summ distance 731
Cluster 558
Cluster 176
Cluster 962
Cluster 680
Cluster 500
----New clusteroid 52 min summ distance 944
Cluster 239
Cluster 729
Cluster 579
Cluster 804
----New clusteroid 215 min summ distance 275
Cluster 247
----New clusteroid 60 min summ distance 607
Cluster 662
----New clusteroid 520 min summ distance 752
----New clusteroid 757 min summ distance 750
Cluster 174
Cluster 740
Cluster 550
Cluster 412
Cluster 34
Cluster 43
Cluster 64
----New clusteroid 759 min summ distance 729
Cluster 601
Cluster 346
Cluster 222
----New clusteroid 708 min summ distance 452
Cluster 672
Cluster 3
Cluster 413
Cluster 245
----New clusteroid 32 min summ distance 1606
Cluster 667
----New clusteroid 280 min summ distance 788
Cluster 15
Cluster 376
----New clusteroid 707 min summ distance 621
Cluster 859
Cluster 556
Cluster 272
Cluster 842
Cluster 475
----New clusteroid 715 min summ distance 435
Cluster 637
Cluster 204
Cluster 627
Cluster 663
----New clusteroid 306 min summ distance 301
Cluster 68
----New clusteroid 632 min summ distance 257
Cluster 512
Cluster 610
Cluster 229
Cluster 562
----New clusteroid 110 min summ distance 248
Cluster 790
Cluster 259
Cluster 391
Cluster 977
Cluster 437
Cluster 335
Cluster 331
----New clusteroid 398 min summ distance 734
Cluster 238
----New clusteroid 316 min summ distance 1016
----New clusteroid 577 min summ distance 1013
Cluster 416
Cluster 946
Cluster 219
Cluster 978
Cluster 864
Cluster 217
----New clusteroid 758 min summ distance 726
----New clusteroid 876 min summ distance 718
Cluster 135
Cluster 128
Cluster 230
Cluster 631
Cluster 568
Cluster 279
Cluster 822
Cluster 891
Cluster 521
Cluster 861
Cluster 895
Cluster 93
Cluster 255
----New clusteroid 534 min summ distance 923
Cluster 655
----New clusteroid 795 min summ distance 1095
Cluster 244
----New clusteroid 772 min summ distance 257
Cluster 733
----New clusteroid 317 min summ distance 892
Cluster 294
Cluster 395
----New clusteroid 51 min summ distance 2348
----New clusteroid 79 min summ distance 2333
Cluster 650
Cluster 552
Cluster 543
----New clusteroid 902 min summ distance 276
Cluster 896
----New clusteroid 131 min summ distance 609
----New clusteroid 734 min summ distance 604
Cluster 357
Cluster 205
Cluster 442
----New clusteroid 65 min summ distance 978
Cluster 111
Cluster 494
Cluster 30
Cluster 576
Cluster 897
----New clusteroid 348 min summ distance 739
Cluster 363
Cluster 353
Cluster 971
Cluster 157
Cluster 342
Cluster 293
Cluster 126
Cluster 992
----New clusteroid 299 min summ distance 447
Cluster 265
Cluster 968
Cluster 140
Cluster 801
Cluster 320
----New clusteroid 169 min summ distance 749
Cluster 797
Cluster 884
Cluster 426
Cluster 922
----New clusteroid 191 min summ distance 3056
----New clusteroid 523 min summ distance 3041
Cluster 258
Cluster 925
Cluster 144
Cluster 360
Cluster 339
Cluster 681
Cluster 23
Cluster 993
----New clusteroid 98 min summ distance 1196
Cluster 400
Cluster 24
Cluster 472
Cluster 592
Cluster 812
----New clusteroid 50 min summ distance 1688
----New clusteroid 779 min summ distance 1680
Cluster 695
----New clusteroid 966 min summ distance 1213
Cluster 149
Cluster 100
----New clusteroid 380 min summ distance 262
Cluster 673
----New clusteroid 696 min summ distance 448
Cluster 383
Cluster 858
Cluster 957
Cluster 4
Cluster 225
Cluster 78
Cluster 387
Cluster 565
Cluster 493
Cluster 158
Cluster 356
Cluster 722
Cluster 933
Cluster 867
Cluster 727
Cluster 11
Cluster 973
----New clusteroid 189 min summ distance 1059
Cluster 21
----New clusteroid 431 min summ distance 439
Cluster 82
Cluster 540
Cluster 459
----New clusteroid 75 min summ distance 750
Cluster 775
----New clusteroid 240 min summ distance 251
Cluster 341
Cluster 704
Cluster 532
----New clusteroid 688 min summ distance 613
Cluster 807
Cluster 467
Cluster 539
Cluster 214
Cluster 312
Cluster 749
Cluster 441
Cluster 970
Cluster 952
Cluster 587
Cluster 620
----New clusteroid 94 min summ distance 878
Cluster 665
Cluster 564
Cluster 855
Cluster 537
----New clusteroid 248 min summ distance 304
Cluster 233
Cluster 87
Cluster 241
Cluster 904
Cluster 251
Cluster 742
Cluster 661
Cluster 173
Cluster 654
Cluster 718
Cluster 686
Cluster 828
----New clusteroid 753 min summ distance 592
----New clusteroid 986 min summ distance 587
Cluster 773
Cluster 569
Cluster 894
Cluster 90
Cluster 928
Cluster 641
----New clusteroid 26 min summ distance 639
Cluster 938
Cluster 811
Cluster 944
----New clusteroid 236 min summ distance 275
Cluster 605
Cluster 325
Cluster 837
Old Clusters [235  95 873 224 648 193 956  35 194 184 572 231 267 913 939 778 558 176
 962 680 500 239 729 579 804 247 662 174 740 550 412  34  43  64 601 346
 222 672   3 413 245 667  15 376 859 556 272 842 475 637 204 627 663  68
 512 610 229 562 790 259 391 977 437 335 331 238 416 946 219 978 864 217
 135 128 230 631 568 279 822 891 521 861 895  93 255 655 244 733 294 395
 650 552 543 896 357 205 442 111 494  30 576 897 363 353 971 157 342 293
 126 992 265 968 140 801 320 797 884 426 922 258 925 144 360 339 681  23
 993 400  24 472 592 812 695 149 100 673 383 858 957   4 225  78 387 565
 493 158 356 722 933 867 727  11 973  21  82 540 459 775 341 704 532 807
 467 539 214 312 749 441 970 952 587 620 665 564 855 537 233  87 241 904
 251 742 661 173 654 718 686 828 773 569 894  90 928 641 938 811 944 605
 325 837]
Clusters [235, 8, 873, 224, 648, 201, 956, 35, 194, 184, 499, 319, 267, 913, 939, 850, 558, 176, 962, 680, 52, 239, 729, 579, 215, 60, 757, 174, 740, 550, 412, 34, 43, 759, 601, 346, 708, 672, 3, 413, 32, 280, 15, 707, 859, 556, 272, 842, 715, 637, 204, 627, 306, 632, 512, 610, 229, 110, 790, 259, 391, 977, 437, 335, 398, 577, 416, 946, 219, 978, 864, 876, 135, 128, 230, 631, 568, 279, 822, 891, 521, 861, 895, 93, 534, 795, 772, 317, 294, 79, 650, 552, 902, 734, 357, 205, 65, 111, 494, 30, 576, 348, 363, 353, 971, 157, 342, 293, 126, 299, 265, 968, 140, 801, 169, 797, 884, 426, 523, 258, 925, 144, 360, 339, 681, 23, 98, 400, 24, 472, 592, 779, 966, 149, 380, 696, 383, 858, 957, 4, 225, 78, 387, 565, 493, 158, 356, 722, 933, 867, 727, 11, 189, 431, 82, 540, 75, 240, 341, 704, 688, 807, 467, 539, 214, 312, 749, 441, 970, 952, 587, 94, 665, 564, 855, 248, 233, 87, 241, 904, 251, 742, 661, 173, 654, 718, 686, 986, 773, 569, 894, 90, 928, 26, 938, 811, 236, 605, 325, 837]
---------
Run 1 Intermidiate clusteroids [235, 8, 873, 224, 648, 201, 956, 35, 194, 184, 499, 319, 267, 913, 939, 850, 558, 176, 962, 680, 52, 239, 729, 579, 215, 60, 757, 174, 740, 550, 412, 34, 43, 759, 601, 346, 708, 672, 3, 413, 32, 280, 15, 707, 859, 556, 272, 842, 715, 637, 204, 627, 306, 632, 512, 610, 229, 110, 790, 259, 391, 977, 437, 335, 398, 577, 416, 946, 219, 978, 864, 876, 135, 128, 230, 631, 568, 279, 822, 891, 521, 861, 895, 93, 534, 795, 772, 317, 294, 79, 650, 552, 902, 734, 357, 205, 65, 111, 494, 30, 576, 348, 363, 353, 971, 157, 342, 293, 126, 299, 265, 968, 140, 801, 169, 797, 884, 426, 523, 258, 925, 144, 360, 339, 681, 23, 98, 400, 24, 472, 592, 779, 966, 149, 380, 696, 383, 858, 957, 4, 225, 78, 387, 565, 493, 158, 356, 722, 933, 867, 727, 11, 189, 431, 82, 540, 75, 240, 341, 704, 688, 807, 467, 539, 214, 312, 749, 441, 970, 952, 587, 94, 665, 564, 855, 248, 233, 87, 241, 904, 251, 742, 661, 173, 654, 718, 686, 986, 773, 569, 894, 90, 928, 26, 938, 811, 236, 605, 325, 837]
Run 1 Intermidiate cluster density [1177.0, 908, 265.0, 140.0, 1197.0, 1692, 2744.0, 1087.0, 1052.0, 410.0, 292, 1493, 279.0, 869.0, 150.0, 731, 263.0, 623.0, 612.0, 145.0, 944, 135.0, 453.0, 924.0, 275, 607, 750, 1429.0, 4215.0, 102.0, 3069.0, 621.0, 1653.0, 729, 478.0, 295.0, 452, 116.0, 129.0, 2488.0, 1606, 788, 3116.0, 621, 900.0, 1800.0, 462.0, 137.0, 435, 1253.0, 931.0, 138.0, 301, 257, 1543.0, 630.0, 1404.0, 248, 909.0, 2179.0, 139.0, 757.0, 453.0, 723.0, 734, 1013, 299.0, 963.0, 2578.0, 763.0, 115.0, 718, 598.0, 444.0, 1357.0, 126.0, 2116.0, 852.0, 595.0, 294.0, 324.0, 137.0, 145.0, 154.0, 923, 1095, 257, 892, 1517.0, 2333, 149.0, 132.0, 276, 604, 288.0, 456.0, 978, 456.0, 626.0, 1231.0, 2158.0, 739, 897.0, 146.0, 1031.0, 1549.0, 1819.0, 856.0, 439.0, 447, 257.0, 156.0, 305.0, 1281.0, 749, 255.0, 262.0, 1212.0, 3041, 594.0, 158.0, 118.0, 471.0, 156.0, 412.0, 133.0, 1196, 1373.0, 1349.0, 452.0, 148.0, 1680, 1213, 400.0, 262, 448, 1176.0, 425.0, 303.0, 468.0, 109.0, 1791.0, 318.0, 2559.0, 1204.0, 620.0, 604.0, 309.0, 454.0, 150.0, 138.0, 305.0, 1059, 439, 617.0, 897.0, 750, 251, 449.0, 606.0, 613, 303.0, 2301.0, 148.0, 312.0, 1230.0, 114.0, 928.0, 135.0, 1801.0, 139.0, 878, 148.0, 291.0, 109.0, 304, 483.0, 619.0, 2188.0, 420.0, 303.0, 740.0, 548.0, 412.0, 124.0, 310.0, 283.0, 587, 128.0, 446.0, 145.0, 459.0, 457.0, 639, 129.0, 142.0, 275, 0, 457.0, 1544.0]
---------
Run N 2
Assign clusters - begin
0-24 1-342 2-233 3-3 4-4 5-363 6-400 7-637 8-8 9-94 10-43 11-11 12-734 13-230 14-740 15-15 16-534 17-801 18-740 19-400 20-441 21-431 22-15 23-23 24-24 25-342 26-26 27-540 28-412 29-30 30-30 31-637 32-32 33-441 34-34 35-35 36-342 37-568 38-740 39-241 40-8 41-441 42-241 43-43 44-15 45-15 46-534 47-229 48-342 49-272 50-779 51-79 52-52 53-65 54-962 55-568 56-956 57-637 58-952 59-342 60-60 61-902 62-779 63-279 64-759 65-65 66-157 67-412 68-225 69-779 70-294 71-740 72-966 73-729 74-966 75-75 76-986 77-98 78-78 79-79 80-157 81-356 82-82 83-75 84-876 85-174 86-299 87-87 88-43 89-241 90-90 91-966 92-65 93-93 94-94 95-8 96-556 97-576 98-98 99-610 100-380 101-576 102-601 103-15 104-174 105-272 106-523 107-383 108-512 109-317 110-110 111-111 112-15 113-258 114-467 115-219 116-577 117-230 118-523 119-412 120-248 121-241 122-696 123-294 124-230 125-512 126-126 127-78 128-128 129-356 130-956 131-734 132-157 133-740 134-467 135-135 136-772 137-859 138-78 139-65 140-140 141-876 142-169 143-319 144-144 145-413 146-135 147-431 148-194 149-149 150-94 151-157 152-15 153-523 154-707 155-319 156-565 157-157 158-158 159-65 160-65 161-279 162-279 163-779 164-759 165-779 166-928 167-779 168-734 169-169 170-75 171-32 172-467 173-173 174-174 175-956 176-176 177-523 178-734 179-523 180-241 181-556 182-569 183-576 184-184 185-342 186-952 187-293 188-413 189-189 190-412 191-523 192-523 193-201 194-194 195-952 196-236 197-772 198-772 199-346 200-35 201-201 202-946 203-235 204-204 205-205 206-565 207-681 208-661 209-568 210-265 211-568 212-230 213-98 214-214 215-215 216-413 217-876 218-400 219-219 220-230 221-467 222-708 223-219 224-224 225-225 226-230 227-201 228-204 229-229 230-230 231-319 232-398 233-233 234-523 235-235 236-236 237-412 238-577 239-239 240-240 241-241 242-913 243-79 244-772 245-925 246-398 247-357 248-248 249-15 250-251 251-251 252-35 253-426 254-87 255-259 256-32 257-740 258-258 259-259 260-259 261-204 262-956 263-734 264-60 265-265 266-35 267-267 268-342 269-194 270-648 271-52 272-272 273-259 274-688 275-43 276-956 277-556 278-360 279-279 280-280 281-312 282-779 283-952 284-279 285-169 286-413 287-75 288-494 289-966 290-189 291-734 292-219 293-293 294-294 295-523 296-523 297-696 298-299 299-299 300-299 301-577 302-971 303-876 304-956 305-797 306-306 307-360 308-704 309-236 310-956 311-219 312-312 313-426 314-740 315-757 316-577 317-317 318-837 319-319 320-169 321-579 322-241 323-335 324-861 325-325 326-790 327-43 328-740 329-577 330-194 331-398 332-201 333-215 334-576 335-335 336-52 337-426 338-15 339-339 340-740 341-341 342-342 343-565 344-740 345-779 346-346 347-523 348-348 349-978 350-230 351-235 352-637 353-353 354-556 355-579 356-356 357-357 358-259 359-610 360-360 361-512 362-742 363-363 364-540 365-219 366-30 367-294 368-493 369-534 370-534 371-412 372-293 373-576 374-259 375-259 376-707 377-708 378-52 379-400 380-380 381-82 382-946 383-383 384-174 385-219 386-977 387-387 388-43 389-230 390-398 391-391 392-577 393-416 394-837 395-79 396-734 397-740 398-398 399-259 400-400 401-24 402-795 403-4 404-259 405-258 406-94 407-648 408-319 409-779 410-966 411-565 412-412 413-413 414-986 415-648 416-416 417-241 418-790 419-565 420-267 421-35 422-956 423-576 424-637 425-356 426-426 427-952 428-26 429-26 430-801 431-431 432-15 433-360 434-740 435-412 436-94 437-437 438-540 439-400 440-688 441-441 442-65 443-60 444-174 445-169 446-413 447-740 448-729 449-412 450-534 451-779 452-229 453-299 454-971 455-696 456-75 457-718 458-90 459-75 460-75 461-564 462-79 463-235 464-978 465-790 466-229 467-467 468-962 469-556 470-32 471-568 472-472 473-219 474-15 475-715 476-740 477-467 478-801 479-523 480-241 481-772 482-512 483-342 484-174 485-201 486-319 487-933 488-135 489-933 490-740 491-512 492-293 493-493 494-494 495-24 496-204 497-467 498-259 499-499 500-219 501-413 502-467 503-540 504-772 505-740 506-258 507-472 508-577 509-426 510-363 511-568 512-512 513-648 514-426 515-876 516-279 517-294 518-348 519-952 520-757 521-521 522-194 523-523 524-412 525-579 526-565 527-79 528-240 529-24 530-15 531-60 532-272 533-632 534-534 535-412 536-956 537-248 538-60 539-539 540-540 541-24 542-11 543-902 544-128 545-540 546-437 547-772 548-341 549-65 550-550 551-75 552-552 553-229 554-946 555-956 556-556 557-235 558-558 559-523 560-576 561-383 562-110 563-577 564-564 565-565 566-928 567-229 568-568 569-569 570-956 571-342 572-317 573-219 574-65 575-696 576-576 577-577 578-169 579-579 580-772 581-772 582-956 583-157 584-637 585-15 586-637 587-587 588-15 589-52 590-176 591-412 592-592 593-335 594-319 595-24 596-52 597-15 598-412 599-30 600-35 601-601 602-158 603-34 604-259 605-740 606-94 607-15 608-426 609-494 610-610 611-962 612-400 613-576 614-15 615-565 616-335 617-30 618-158 619-493 620-94 621-60 622-52 623-34 624-565 625-35 626-437 627-627 628-157 629-158 630-126 631-631 632-632 633-363 634-363 635-32 636-672 637-637 638-8 639-15 640-601 641-26 642-24 643-32 644-32 645-441 646-294 647-801 648-648 649-43 650-650 651-556 652-722 653-577 654-654 655-795 656-661 657-15 658-157 659-494 660-299 661-661 662-757 663-648 664-772 665-665 666-43 667-280 668-79 669-413 670-219 671-779 672-672 673-696 674-189 675-94 676-707 677-413 678-149 679-568 680-680 681-681 682-493 683-568 684-493 685-356 686-686 687-569 688-688 689-512 690-236 691-140 692-837 693-876 694-568 695-966 696-696 697-383 698-661 699-565 700-876 701-78 702-952 703-704 704-704 705-229 706-523 707-707 708-708 709-876 710-523 711-946 712-201 713-742 714-568 715-715 716-219 717-441 718-718 719-43 720-565 721-946 722-722 723-78 724-294 725-966 726-467 727-727 728-189 729-729 730-35 731-204 732-859 733-317 734-734 735-413 736-78 737-837 738-157 739-577 740-740 741-740 742-742 743-740 744-956 745-837 746-493 747-158 748-235 749-749 750-413 751-696 752-149 753-986 754-576 755-565 756-236 757-757 758-876 759-759 760-413 761-79 762-325 763-189 764-126 765-60 766-523 767-512 768-978 769-946 770-610 771-79 772-772 773-773 774-876 775-240 776-82 777-65 778-850 779-779 780-790 781-523 782-913 783-523 784-523 785-299 786-233 787-312 788-772 789-8 790-790 791-837 792-952 793-837 794-293 795-795 796-219 797-797 798-556 799-648 800-956 801-801 802-568 803-294 804-837 805-779 806-734 807-807 808-75 809-426 810-956 811-811 812-779 813-78 814-413 815-837 816-317 817-194 818-194 819-565 820-317 821-201 822-822 823-32 824-977 825-413 826-952 827-740 828-986 829-65 830-648 831-173 832-363 833-801 834-648 835-294 836-859 837-837 838-576 839-235 840-681 841-348 842-842 843-956 844-412 845-850 846-977 847-512 848-111 849-913 850-850 851-790 852-807 853-734 854-772 855-855 856-335 857-801 858-858 859-859 860-294 861-861 862-556 863-413 864-864 865-24 866-65 867-867 868-523 869-822 870-734 871-312 872-873 873-873 874-952 875-412 876-876 877-734 878-467 879-957 880-174 881-189 882-966 883-294 884-884 885-348 886-201 887-467 888-565 889-822 890-413 891-891 892-215 893-952 894-894 895-895 896-734 897-348 898-556 899-214 900-341 901-189 902-902 903-704 904-904 905-467 906-78 907-312 908-176 909-215 910-241 911-850 912-219 913-913 914-413 915-467 916-956 917-577 918-32 919-499 920-933 921-111 922-523 923-184 924-902 925-925 926-946 927-294 928-928 929-259 930-201 931-312 932-169 933-933 934-740 935-521 936-219 937-176 938-938 939-939 940-342 941-30 942-319 943-558 944-797 945-79 946-946 947-82 948-383 949-837 950-467 951-342 952-952 953-32 954-412 955-891 956-956 957-957 958-312 959-387 960-79 961-858 962-962 963-204 964-795 965-740 966-966 967-556 968-968 969-398 970-970 971-971 972-512 973-219 974-325 975-174 976-189 977-977 978-978 979-523 980-215 981-740 982-78 983-293 984-740 985-174 986-986 987-173 988-98 989-686 990-801 991-858 992-299 993-98 994-795 995-219 996-229 997-971 998-201 999-342 
Assign clusters - end
---------
Clusters [235, 8, 873, 224, 648, 201, 956, 35, 194, 184, 499, 319, 267, 913, 939, 850, 558, 176, 962, 680, 52, 239, 729, 579, 215, 60, 757, 174, 740, 550, 412, 34, 43, 759, 601, 346, 708, 672, 3, 413, 32, 280, 15, 707, 859, 556, 272, 842, 715, 637, 204, 627, 306, 632, 512, 610, 229, 110, 790, 259, 391, 977, 437, 335, 398, 577, 416, 946, 219, 978, 864, 876, 135, 128, 230, 631, 568, 279, 822, 891, 521, 861, 895, 93, 534, 795, 772, 317, 294, 79, 650, 552, 902, 734, 357, 205, 65, 111, 494, 30, 576, 348, 363, 353, 971, 157, 342, 293, 126, 299, 265, 968, 140, 801, 169, 797, 884, 426, 523, 258, 925, 144, 360, 339, 681, 23, 98, 400, 24, 472, 592, 779, 966, 149, 380, 696, 383, 858, 957, 4, 225, 78, 387, 565, 493, 158, 356, 722, 933, 867, 727, 11, 189, 431, 82, 540, 75, 240, 341, 704, 688, 807, 467, 539, 214, 312, 749, 441, 970, 952, 587, 94, 665, 564, 855, 248, 233, 87, 241, 904, 251, 742, 661, 173, 654, 718, 686, 986, 773, 569, 894, 90, 928, 26, 938, 811, 236, 605, 325, 837]
Cluster 235
Cluster 8
Cluster 873
Cluster 224
Cluster 648
Cluster 201
Cluster 956
Cluster 35
Cluster 194
Cluster 184
Cluster 499
----New clusteroid 919 min summ distance 290
Cluster 319
Cluster 267
Cluster 913
Cluster 939
Cluster 850
Cluster 558
Cluster 176
Cluster 962
Cluster 680
Cluster 52
Cluster 239
Cluster 729
Cluster 579
Cluster 215
----New clusteroid 909 min summ distance 731
Cluster 60
----New clusteroid 621 min summ distance 1070
Cluster 757
----New clusteroid 520 min summ distance 584
Cluster 174
Cluster 740
Cluster 550
Cluster 412
Cluster 34
Cluster 43
Cluster 759
Cluster 601
Cluster 346
Cluster 708
Cluster 672
Cluster 3
Cluster 413
Cluster 32
Cluster 280
Cluster 15
Cluster 707
Cluster 859
Cluster 556
Cluster 272
Cluster 842
Cluster 715
Cluster 637
Cluster 204
Cluster 627
Cluster 306
Cluster 632
Cluster 512
Cluster 610
Cluster 229
Cluster 110
Cluster 790
Cluster 259
Cluster 391
Cluster 977
Cluster 437
Cluster 335
Cluster 398
Cluster 577
Cluster 416
Cluster 946
Cluster 219
Cluster 978
Cluster 864
Cluster 876
Cluster 135
Cluster 128
Cluster 230
Cluster 631
Cluster 568
Cluster 279
Cluster 822
Cluster 891
Cluster 521
Cluster 861
----New clusteroid 324 min summ distance 295
Cluster 895
Cluster 93
Cluster 534
Cluster 795
----New clusteroid 964 min summ distance 763
Cluster 772
Cluster 317
Cluster 294
Cluster 79
Cluster 650
Cluster 552
Cluster 902
Cluster 734
Cluster 357
Cluster 205
Cluster 65
Cluster 111
Cluster 494
Cluster 30
Cluster 576
Cluster 348
Cluster 363
Cluster 353
Cluster 971
Cluster 157
Cluster 342
Cluster 293
Cluster 126
Cluster 299
Cluster 265
Cluster 968
Cluster 140
Cluster 801
Cluster 169
Cluster 797
Cluster 884
Cluster 426
Cluster 523
Cluster 258
Cluster 925
Cluster 144
Cluster 360
Cluster 339
Cluster 681
Cluster 23
Cluster 98
Cluster 400
Cluster 24
Cluster 472
Cluster 592
Cluster 779
Cluster 966
Cluster 149
Cluster 380
Cluster 696
Cluster 383
----New clusteroid 697 min summ distance 714
Cluster 858
Cluster 957
Cluster 4
Cluster 225
Cluster 78
Cluster 387
Cluster 565
Cluster 493
Cluster 158
Cluster 356
Cluster 722
Cluster 933
Cluster 867
Cluster 727
Cluster 11
Cluster 189
Cluster 431
Cluster 82
Cluster 540
Cluster 75
Cluster 240
Cluster 341
Cluster 704
Cluster 688
Cluster 807
Cluster 467
Cluster 539
Cluster 214
Cluster 312
Cluster 749
Cluster 441
Cluster 970
Cluster 952
Cluster 587
Cluster 94
Cluster 665
Cluster 564
Cluster 855
Cluster 248
Cluster 233
Cluster 87
Cluster 241
Cluster 904
Cluster 251
Cluster 742
Cluster 661
Cluster 173
Cluster 654
Cluster 718
Cluster 686
Cluster 986
----New clusteroid 414 min summ distance 721
Cluster 773
Cluster 569
Cluster 894
Cluster 90
Cluster 928
Cluster 26
Cluster 938
Cluster 811
Cluster 236
----New clusteroid 690 min summ distance 725
Cluster 605
Cluster 325
Cluster 837
Old Clusters [235   8 873 224 648 201 956  35 194 184 499 319 267 913 939 850 558 176
 962 680  52 239 729 579 215  60 757 174 740 550 412  34  43 759 601 346
 708 672   3 413  32 280  15 707 859 556 272 842 715 637 204 627 306 632
 512 610 229 110 790 259 391 977 437 335 398 577 416 946 219 978 864 876
 135 128 230 631 568 279 822 891 521 861 895  93 534 795 772 317 294  79
 650 552 902 734 357 205  65 111 494  30 576 348 363 353 971 157 342 293
 126 299 265 968 140 801 169 797 884 426 523 258 925 144 360 339 681  23
  98 400  24 472 592 779 966 149 380 696 383 858 957   4 225  78 387 565
 493 158 356 722 933 867 727  11 189 431  82 540  75 240 341 704 688 807
 467 539 214 312 749 441 970 952 587  94 665 564 855 248 233  87 241 904
 251 742 661 173 654 718 686 986 773 569 894  90 928  26 938 811 236 605
 325 837]
Clusters [235, 8, 873, 224, 648, 201, 956, 35, 194, 184, 919, 319, 267, 913, 939, 850, 558, 176, 962, 680, 52, 239, 729, 579, 909, 621, 520, 174, 740, 550, 412, 34, 43, 759, 601, 346, 708, 672, 3, 413, 32, 280, 15, 707, 859, 556, 272, 842, 715, 637, 204, 627, 306, 632, 512, 610, 229, 110, 790, 259, 391, 977, 437, 335, 398, 577, 416, 946, 219, 978, 864, 876, 135, 128, 230, 631, 568, 279, 822, 891, 521, 324, 895, 93, 534, 964, 772, 317, 294, 79, 650, 552, 902, 734, 357, 205, 65, 111, 494, 30, 576, 348, 363, 353, 971, 157, 342, 293, 126, 299, 265, 968, 140, 801, 169, 797, 884, 426, 523, 258, 925, 144, 360, 339, 681, 23, 98, 400, 24, 472, 592, 779, 966, 149, 380, 696, 697, 858, 957, 4, 225, 78, 387, 565, 493, 158, 356, 722, 933, 867, 727, 11, 189, 431, 82, 540, 75, 240, 341, 704, 688, 807, 467, 539, 214, 312, 749, 441, 970, 952, 587, 94, 665, 564, 855, 248, 233, 87, 241, 904, 251, 742, 661, 173, 654, 718, 686, 414, 773, 569, 894, 90, 928, 26, 938, 811, 690, 605, 325, 837]
---------
Run 2 Intermidiate clusteroids [235, 8, 873, 224, 648, 201, 956, 35, 194, 184, 919, 319, 267, 913, 939, 850, 558, 176, 962, 680, 52, 239, 729, 579, 909, 621, 520, 174, 740, 550, 412, 34, 43, 759, 601, 346, 708, 672, 3, 413, 32, 280, 15, 707, 859, 556, 272, 842, 715, 637, 204, 627, 306, 632, 512, 610, 229, 110, 790, 259, 391, 977, 437, 335, 398, 577, 416, 946, 219, 978, 864, 876, 135, 128, 230, 631, 568, 279, 822, 891, 521, 324, 895, 93, 534, 964, 772, 317, 294, 79, 650, 552, 902, 734, 357, 205, 65, 111, 494, 30, 576, 348, 363, 353, 971, 157, 342, 293, 126, 299, 265, 968, 140, 801, 169, 797, 884, 426, 523, 258, 925, 144, 360, 339, 681, 23, 98, 400, 24, 472, 592, 779, 966, 149, 380, 696, 697, 858, 957, 4, 225, 78, 387, 565, 493, 158, 356, 722, 933, 867, 727, 11, 189, 431, 82, 540, 75, 240, 341, 704, 688, 807, 467, 539, 214, 312, 749, 441, 970, 952, 587, 94, 665, 564, 855, 248, 233, 87, 241, 904, 251, 742, 661, 173, 654, 718, 686, 414, 773, 569, 894, 90, 928, 26, 938, 811, 690, 605, 325, 837]
Run 2 Intermidiate cluster density [1020.0, 753.0, 265.0, 140.0, 1353.0, 1375.0, 2906.0, 1248.0, 1052.0, 251.0, 290, 1183.0, 279.0, 561.0, 150.0, 580.0, 263.0, 623.0, 616.0, 145.0, 1096.0, 135.0, 453.0, 621.0, 731, 1070, 584, 1429.0, 4051.0, 102.0, 2451.0, 458.0, 1336.0, 398.0, 478.0, 295.0, 452.0, 277.0, 129.0, 2488.0, 1607.0, 301.0, 2959.0, 621.0, 577.0, 1646.0, 621.0, 137.0, 269.0, 1253.0, 931.0, 138.0, 140.0, 259.0, 1543.0, 630.0, 1252.0, 248.0, 909.0, 1862.0, 139.0, 607.0, 453.0, 723.0, 882.0, 1758.0, 299.0, 1118.0, 2581.0, 607.0, 115.0, 1622.0, 438.0, 297.0, 1357.0, 126.0, 1808.0, 852.0, 434.0, 294.0, 324.0, 295, 145.0, 154.0, 910.0, 763, 1886.0, 890.0, 1829.0, 1603.0, 149.0, 132.0, 593.0, 2008.0, 288.0, 134.0, 1735.0, 456.0, 626.0, 921.0, 1684.0, 722.0, 897.0, 146.0, 576.0, 1387.0, 1979.0, 856.0, 439.0, 1201.0, 257.0, 156.0, 305.0, 1281.0, 1055.0, 408.0, 105.0, 1217.0, 3344.0, 594.0, 318.0, 118.0, 633.0, 156.0, 412.0, 133.0, 735.0, 1063.0, 1349.0, 297.0, 148.0, 1965.0, 1364.0, 400.0, 262.0, 1088.0, 714, 425.0, 303.0, 310.0, 259.0, 1339.0, 318.0, 2091.0, 907.0, 780.0, 763.0, 309.0, 615.0, 150.0, 138.0, 305.0, 1197.0, 415.0, 617.0, 897.0, 1332.0, 404.0, 449.0, 606.0, 429.0, 303.0, 2146.0, 148.0, 312.0, 1072.0, 114.0, 928.0, 135.0, 1801.0, 139.0, 1192.0, 148.0, 291.0, 109.0, 464.0, 483.0, 293.0, 1546.0, 115.0, 303.0, 426.0, 548.0, 412.0, 124.0, 310.0, 283.0, 721, 128.0, 446.0, 145.0, 305.0, 457.0, 639.0, 129.0, 142.0, 725, 0, 457.0, 1701.0]
---------
Run N 3
Assign clusters - begin
0-24 1-342 2-233 3-3 4-4 5-363 6-400 7-637 8-8 9-94 10-43 11-11 12-734 13-230 14-740 15-15 16-534 17-801 18-740 19-400 20-441 21-431 22-15 23-23 24-24 25-342 26-26 27-540 28-412 29-30 30-30 31-637 32-32 33-441 34-34 35-35 36-342 37-568 38-740 39-241 40-8 41-441 42-241 43-43 44-15 45-15 46-534 47-229 48-342 49-272 50-779 51-79 52-52 53-65 54-962 55-568 56-956 57-637 58-952 59-342 60-621 61-902 62-779 63-279 64-759 65-65 66-157 67-412 68-225 69-779 70-294 71-740 72-966 73-729 74-966 75-75 76-414 77-98 78-78 79-79 80-157 81-356 82-82 83-75 84-697 85-174 86-299 87-87 88-43 89-621 90-90 91-966 92-65 93-93 94-94 95-8 96-556 97-576 98-98 99-610 100-380 101-576 102-601 103-15 104-174 105-272 106-523 107-697 108-512 109-317 110-110 111-111 112-15 113-258 114-467 115-219 116-577 117-230 118-523 119-412 120-248 121-241 122-696 123-294 124-230 125-512 126-126 127-78 128-128 129-690 130-956 131-734 132-157 133-740 134-467 135-135 136-772 137-859 138-78 139-65 140-140 141-876 142-169 143-319 144-144 145-413 146-135 147-431 148-194 149-149 150-94 151-157 152-15 153-523 154-707 155-319 156-964 157-157 158-158 159-65 160-65 161-279 162-279 163-779 164-759 165-779 166-928 167-779 168-964 169-169 170-75 171-32 172-467 173-173 174-174 175-956 176-176 177-523 178-734 179-523 180-241 181-556 182-569 183-576 184-184 185-342 186-952 187-293 188-413 189-189 190-412 191-523 192-523 193-201 194-194 195-952 196-690 197-772 198-772 199-346 200-35 201-201 202-946 203-235 204-204 205-205 206-565 207-681 208-661 209-568 210-265 211-568 212-230 213-98 214-214 215-909 216-413 217-876 218-400 219-219 220-230 221-467 222-708 223-219 224-224 225-225 226-230 227-201 228-204 229-229 230-230 231-319 232-398 233-233 234-523 235-235 236-690 237-412 238-577 239-239 240-240 241-241 242-690 243-79 244-772 245-925 246-398 247-357 248-248 249-15 250-251 251-251 252-35 253-426 254-87 255-259 256-32 257-740 258-258 259-259 260-259 261-204 262-956 263-734 264-621 265-265 266-964 267-267 268-342 269-194 270-648 271-52 272-272 273-259 274-688 275-43 276-956 277-556 278-360 279-279 280-280 281-312 282-779 283-952 284-279 285-169 286-413 287-75 288-494 289-966 290-189 291-734 292-219 293-293 294-294 295-523 296-523 297-696 298-299 299-299 300-299 301-577 302-971 303-876 304-956 305-797 306-306 307-360 308-704 309-690 310-956 311-219 312-312 313-426 314-740 315-520 316-577 317-317 318-837 319-319 320-169 321-579 322-241 323-335 324-324 325-325 326-790 327-690 328-740 329-577 330-194 331-398 332-201 333-909 334-576 335-335 336-52 337-426 338-15 339-339 340-740 341-341 342-342 343-565 344-740 345-779 346-346 347-523 348-348 349-978 350-230 351-235 352-637 353-353 354-556 355-579 356-356 357-357 358-259 359-610 360-360 361-512 362-742 363-363 364-540 365-219 366-30 367-294 368-493 369-534 370-534 371-412 372-293 373-576 374-259 375-259 376-707 377-708 378-52 379-400 380-380 381-82 382-946 383-697 384-174 385-219 386-977 387-387 388-43 389-230 390-398 391-391 392-577 393-416 394-837 395-79 396-734 397-740 398-398 399-259 400-400 401-24 402-964 403-4 404-259 405-258 406-94 407-648 408-319 409-779 410-966 411-565 412-412 413-413 414-414 415-648 416-416 417-241 418-790 419-565 420-267 421-35 422-956 423-576 424-637 425-356 426-426 427-952 428-26 429-26 430-801 431-431 432-15 433-360 434-740 435-412 436-94 437-437 438-540 439-400 440-688 441-441 442-65 443-43 444-174 445-169 446-413 447-740 448-729 449-412 450-534 451-779 452-229 453-299 454-971 455-696 456-75 457-718 458-90 459-75 460-75 461-564 462-79 463-235 464-978 465-790 466-229 467-467 468-962 469-556 470-32 471-568 472-472 473-219 474-15 475-715 476-740 477-467 478-801 479-523 480-241 481-772 482-512 483-342 484-174 485-201 486-319 487-933 488-135 489-933 490-740 491-512 492-293 493-493 494-494 495-24 496-204 497-467 498-259 499-272 500-219 501-413 502-467 503-540 504-772 505-740 506-258 507-472 508-577 509-426 510-363 511-568 512-512 513-648 514-426 515-876 516-279 517-294 518-348 519-952 520-520 521-521 522-194 523-523 524-412 525-579 526-565 527-79 528-240 529-24 530-15 531-621 532-272 533-632 534-534 535-412 536-956 537-248 538-621 539-539 540-540 541-24 542-11 543-902 544-128 545-540 546-437 547-772 548-341 549-65 550-550 551-75 552-552 553-229 554-946 555-956 556-556 557-235 558-558 559-523 560-964 561-697 562-110 563-577 564-564 565-565 566-928 567-229 568-568 569-569 570-956 571-342 572-317 573-219 574-65 575-696 576-576 577-577 578-169 579-579 580-772 581-772 582-956 583-157 584-637 585-15 586-637 587-587 588-15 589-52 590-176 591-412 592-592 593-335 594-319 595-24 596-52 597-15 598-412 599-30 600-35 601-601 602-158 603-34 604-259 605-740 606-94 607-15 608-426 609-494 610-610 611-962 612-400 613-576 614-15 615-565 616-335 617-30 618-158 619-493 620-94 621-621 622-52 623-34 624-565 625-35 626-437 627-627 628-157 629-158 630-126 631-631 632-632 633-363 634-363 635-32 636-672 637-637 638-8 639-15 640-601 641-26 642-24 643-32 644-32 645-441 646-294 647-801 648-648 649-43 650-650 651-556 652-722 653-909 654-654 655-964 656-661 657-15 658-157 659-494 660-299 661-661 662-520 663-648 664-772 665-665 666-43 667-280 668-79 669-413 670-219 671-779 672-672 673-696 674-189 675-94 676-707 677-413 678-697 679-568 680-680 681-681 682-493 683-568 684-493 685-356 686-686 687-569 688-688 689-512 690-690 691-140 692-837 693-697 694-568 695-966 696-696 697-697 698-661 699-964 700-876 701-909 702-952 703-704 704-704 705-229 706-523 707-707 708-708 709-876 710-523 711-946 712-201 713-742 714-568 715-715 716-219 717-441 718-718 719-43 720-565 721-946 722-722 723-78 724-294 725-966 726-467 727-727 728-189 729-729 730-35 731-204 732-859 733-317 734-734 735-413 736-78 737-837 738-157 739-577 740-740 741-740 742-742 743-740 744-956 745-837 746-493 747-158 748-235 749-749 750-413 751-696 752-149 753-414 754-576 755-565 756-822 757-520 758-876 759-759 760-413 761-79 762-325 763-189 764-126 765-621 766-523 767-512 768-978 769-946 770-610 771-79 772-772 773-773 774-876 775-240 776-82 777-65 778-850 779-779 780-790 781-523 782-913 783-523 784-523 785-299 786-233 787-312 788-772 789-8 790-790 791-837 792-952 793-837 794-293 795-964 796-219 797-797 798-556 799-648 800-956 801-801 802-568 803-294 804-837 805-779 806-734 807-807 808-75 809-426 810-956 811-811 812-779 813-909 814-413 815-837 816-317 817-194 818-194 819-565 820-317 821-201 822-822 823-32 824-977 825-413 826-952 827-740 828-398 829-65 830-648 831-173 832-363 833-801 834-648 835-294 836-859 837-837 838-576 839-235 840-681 841-348 842-842 843-956 844-412 845-850 846-977 847-512 848-111 849-913 850-850 851-790 852-807 853-734 854-772 855-855 856-335 857-801 858-858 859-859 860-294 861-966 862-556 863-413 864-864 865-24 866-65 867-867 868-523 869-822 870-734 871-312 872-873 873-873 874-952 875-412 876-876 877-734 878-467 879-957 880-174 881-189 882-966 883-294 884-884 885-348 886-201 887-467 888-565 889-822 890-413 891-891 892-400 893-952 894-894 895-895 896-734 897-348 898-556 899-214 900-341 901-189 902-902 903-704 904-904 905-467 906-909 907-312 908-176 909-909 910-241 911-850 912-219 913-913 914-413 915-467 916-956 917-577 918-32 919-919 920-933 921-111 922-523 923-184 924-964 925-925 926-946 927-294 928-928 929-324 930-201 931-312 932-169 933-933 934-740 935-521 936-219 937-176 938-938 939-939 940-342 941-909 942-319 943-558 944-797 945-79 946-946 947-82 948-697 949-837 950-467 951-342 952-952 953-32 954-414 955-891 956-956 957-957 958-312 959-387 960-79 961-858 962-962 963-204 964-964 965-740 966-966 967-556 968-968 969-398 970-970 971-971 972-512 973-219 974-325 975-174 976-189 977-977 978-978 979-523 980-909 981-740 982-78 983-293 984-740 985-174 986-414 987-173 988-98 989-686 990-801 991-858 992-299 993-98 994-964 995-219 996-229 997-971 998-201 999-342 
Assign clusters - end
---------
Clusters [235, 8, 873, 224, 648, 201, 956, 35, 194, 184, 919, 319, 267, 913, 939, 850, 558, 176, 962, 680, 52, 239, 729, 579, 909, 621, 520, 174, 740, 550, 412, 34, 43, 759, 601, 346, 708, 672, 3, 413, 32, 280, 15, 707, 859, 556, 272, 842, 715, 637, 204, 627, 306, 632, 512, 610, 229, 110, 790, 259, 391, 977, 437, 335, 398, 577, 416, 946, 219, 978, 864, 876, 135, 128, 230, 631, 568, 279, 822, 891, 521, 324, 895, 93, 534, 964, 772, 317, 294, 79, 650, 552, 902, 734, 357, 205, 65, 111, 494, 30, 576, 348, 363, 353, 971, 157, 342, 293, 126, 299, 265, 968, 140, 801, 169, 797, 884, 426, 523, 258, 925, 144, 360, 339, 681, 23, 98, 400, 24, 472, 592, 779, 966, 149, 380, 696, 697, 858, 957, 4, 225, 78, 387, 565, 493, 158, 356, 722, 933, 867, 727, 11, 189, 431, 82, 540, 75, 240, 341, 704, 688, 807, 467, 539, 214, 312, 749, 441, 970, 952, 587, 94, 665, 564, 855, 248, 233, 87, 241, 904, 251, 742, 661, 173, 654, 718, 686, 414, 773, 569, 894, 90, 928, 26, 938, 811, 690, 605, 325, 837]
Cluster 235
Cluster 8
Cluster 873
Cluster 224
Cluster 648
Cluster 201
Cluster 956
Cluster 35
Cluster 194
Cluster 184
Cluster 919
Cluster 319
Cluster 267
Cluster 913
----New clusteroid 782 min summ distance 404
Cluster 939
Cluster 850
Cluster 558
Cluster 176
Cluster 962
Cluster 680
Cluster 52
Cluster 239
Cluster 729
Cluster 579
Cluster 909
Cluster 621
Cluster 520
Cluster 174
Cluster 740
Cluster 550
Cluster 412
Cluster 34
Cluster 43
Cluster 759
Cluster 601
Cluster 346
Cluster 708
Cluster 672
Cluster 3
Cluster 413
Cluster 32
Cluster 280
Cluster 15
Cluster 707
Cluster 859
Cluster 556
Cluster 272
Cluster 842
Cluster 715
Cluster 637
Cluster 204
Cluster 627
Cluster 306
Cluster 632
Cluster 512
Cluster 610
Cluster 229
Cluster 110
Cluster 790
Cluster 259
Cluster 391
Cluster 977
Cluster 437
Cluster 335
Cluster 398
Cluster 577
Cluster 416
Cluster 946
Cluster 219
Cluster 978
Cluster 864
Cluster 876
Cluster 135
Cluster 128
Cluster 230
Cluster 631
Cluster 568
Cluster 279
Cluster 822
Cluster 891
Cluster 521
Cluster 324
Cluster 895
Cluster 93
Cluster 534
Cluster 964
Cluster 772
Cluster 317
Cluster 294
Cluster 79
Cluster 650
Cluster 552
Cluster 902
Cluster 734
Cluster 357
Cluster 205
Cluster 65
Cluster 111
Cluster 494
Cluster 30
Cluster 576
Cluster 348
Cluster 363
Cluster 353
Cluster 971
Cluster 157
Cluster 342
Cluster 293
Cluster 126
Cluster 299
Cluster 265
Cluster 968
Cluster 140
Cluster 801
Cluster 169
Cluster 797
Cluster 884
Cluster 426
Cluster 523
Cluster 258
Cluster 925
Cluster 144
Cluster 360
Cluster 339
Cluster 681
Cluster 23
Cluster 98
Cluster 400
Cluster 24
Cluster 472
Cluster 592
Cluster 779
Cluster 966
Cluster 149
Cluster 380
Cluster 696
Cluster 697
Cluster 858
Cluster 957
Cluster 4
Cluster 225
Cluster 78
Cluster 387
Cluster 565
Cluster 493
Cluster 158
Cluster 356
Cluster 722
Cluster 933
Cluster 867
Cluster 727
Cluster 11
Cluster 189
Cluster 431
Cluster 82
Cluster 540
Cluster 75
Cluster 240
Cluster 341
Cluster 704
Cluster 688
Cluster 807
Cluster 467
Cluster 539
Cluster 214
Cluster 312
Cluster 749
Cluster 441
Cluster 970
Cluster 952
Cluster 587
Cluster 94
Cluster 665
Cluster 564
Cluster 855
Cluster 248
Cluster 233
Cluster 87
Cluster 241
Cluster 904
Cluster 251
Cluster 742
Cluster 661
Cluster 173
Cluster 654
Cluster 718
Cluster 686
Cluster 414
Cluster 773
Cluster 569
Cluster 894
Cluster 90
Cluster 928
Cluster 26
Cluster 938
Cluster 811
Cluster 690
Cluster 605
Cluster 325
Cluster 837
Old Clusters [235   8 873 224 648 201 956  35 194 184 919 319 267 913 939 850 558 176
 962 680  52 239 729 579 909 621 520 174 740 550 412  34  43 759 601 346
 708 672   3 413  32 280  15 707 859 556 272 842 715 637 204 627 306 632
 512 610 229 110 790 259 391 977 437 335 398 577 416 946 219 978 864 876
 135 128 230 631 568 279 822 891 521 324 895  93 534 964 772 317 294  79
 650 552 902 734 357 205  65 111 494  30 576 348 363 353 971 157 342 293
 126 299 265 968 140 801 169 797 884 426 523 258 925 144 360 339 681  23
  98 400  24 472 592 779 966 149 380 696 697 858 957   4 225  78 387 565
 493 158 356 722 933 867 727  11 189 431  82 540  75 240 341 704 688 807
 467 539 214 312 749 441 970 952 587  94 665 564 855 248 233  87 241 904
 251 742 661 173 654 718 686 414 773 569 894  90 928  26 938 811 690 605
 325 837]
Clusters [235, 8, 873, 224, 648, 201, 956, 35, 194, 184, 919, 319, 267, 782, 939, 850, 558, 176, 962, 680, 52, 239, 729, 579, 909, 621, 520, 174, 740, 550, 412, 34, 43, 759, 601, 346, 708, 672, 3, 413, 32, 280, 15, 707, 859, 556, 272, 842, 715, 637, 204, 627, 306, 632, 512, 610, 229, 110, 790, 259, 391, 977, 437, 335, 398, 577, 416, 946, 219, 978, 864, 876, 135, 128, 230, 631, 568, 279, 822, 891, 521, 324, 895, 93, 534, 964, 772, 317, 294, 79, 650, 552, 902, 734, 357, 205, 65, 111, 494, 30, 576, 348, 363, 353, 971, 157, 342, 293, 126, 299, 265, 968, 140, 801, 169, 797, 884, 426, 523, 258, 925, 144, 360, 339, 681, 23, 98, 400, 24, 472, 592, 779, 966, 149, 380, 696, 697, 858, 957, 4, 225, 78, 387, 565, 493, 158, 356, 722, 933, 867, 727, 11, 189, 431, 82, 540, 75, 240, 341, 704, 688, 807, 467, 539, 214, 312, 749, 441, 970, 952, 587, 94, 665, 564, 855, 248, 233, 87, 241, 904, 251, 742, 661, 173, 654, 718, 686, 414, 773, 569, 894, 90, 928, 26, 938, 811, 690, 605, 325, 837]
---------
Run 3 Intermidiate clusteroids [235, 8, 873, 224, 648, 201, 956, 35, 194, 184, 919, 319, 267, 782, 939, 850, 558, 176, 962, 680, 52, 239, 729, 579, 909, 621, 520, 174, 740, 550, 412, 34, 43, 759, 601, 346, 708, 672, 3, 413, 32, 280, 15, 707, 859, 556, 272, 842, 715, 637, 204, 627, 306, 632, 512, 610, 229, 110, 790, 259, 391, 977, 437, 335, 398, 577, 416, 946, 219, 978, 864, 876, 135, 128, 230, 631, 568, 279, 822, 891, 521, 324, 895, 93, 534, 964, 772, 317, 294, 79, 650, 552, 902, 734, 357, 205, 65, 111, 494, 30, 576, 348, 363, 353, 971, 157, 342, 293, 126, 299, 265, 968, 140, 801, 169, 797, 884, 426, 523, 258, 925, 144, 360, 339, 681, 23, 98, 400, 24, 472, 592, 779, 966, 149, 380, 696, 697, 858, 957, 4, 225, 78, 387, 565, 493, 158, 356, 722, 933, 867, 727, 11, 189, 431, 82, 540, 75, 240, 341, 704, 688, 807, 467, 539, 214, 312, 749, 441, 970, 952, 587, 94, 665, 564, 855, 248, 233, 87, 241, 904, 251, 742, 661, 173, 654, 718, 686, 414, 773, 569, 894, 90, 928, 26, 938, 811, 690, 605, 325, 837]
Run 3 Intermidiate cluster density [1020.0, 753.0, 265.0, 140.0, 1353.0, 1375.0, 2906.0, 1093.0, 1052.0, 251.0, 127.0, 1183.0, 279.0, 404, 150.0, 580.0, 263.0, 623.0, 616.0, 145.0, 1096.0, 135.0, 453.0, 621.0, 1334.0, 1070.0, 584.0, 1429.0, 4051.0, 102.0, 2294.0, 458.0, 1343.0, 398.0, 478.0, 295.0, 452.0, 277.0, 129.0, 2488.0, 1607.0, 301.0, 2959.0, 621.0, 577.0, 1646.0, 783.0, 137.0, 269.0, 1253.0, 931.0, 138.0, 140.0, 259.0, 1543.0, 630.0, 1252.0, 248.0, 909.0, 1703.0, 139.0, 607.0, 453.0, 723.0, 1038.0, 1605.0, 299.0, 1118.0, 2581.0, 607.0, 115.0, 1316.0, 438.0, 297.0, 1357.0, 126.0, 1808.0, 852.0, 595.0, 294.0, 324.0, 291.0, 145.0, 154.0, 910.0, 1695.0, 1886.0, 890.0, 1829.0, 1603.0, 149.0, 132.0, 436.0, 1852.0, 288.0, 134.0, 1735.0, 456.0, 626.0, 765.0, 1525.0, 722.0, 897.0, 146.0, 576.0, 1387.0, 1979.0, 856.0, 439.0, 1201.0, 257.0, 156.0, 305.0, 1281.0, 1055.0, 408.0, 105.0, 1217.0, 3344.0, 594.0, 318.0, 118.0, 633.0, 156.0, 412.0, 133.0, 735.0, 1220.0, 1349.0, 297.0, 148.0, 1965.0, 1524.0, 249.0, 262.0, 1088.0, 1161.0, 425.0, 303.0, 310.0, 259.0, 873.0, 318.0, 1781.0, 907.0, 780.0, 604.0, 309.0, 615.0, 150.0, 138.0, 305.0, 1197.0, 415.0, 617.0, 897.0, 1332.0, 404.0, 449.0, 606.0, 429.0, 303.0, 2146.0, 148.0, 312.0, 1072.0, 114.0, 928.0, 135.0, 1801.0, 139.0, 1192.0, 148.0, 291.0, 109.0, 464.0, 483.0, 293.0, 1384.0, 115.0, 303.0, 426.0, 548.0, 412.0, 124.0, 310.0, 283.0, 717.0, 128.0, 446.0, 145.0, 305.0, 457.0, 639.0, 129.0, 142.0, 1016.0, 0, 457.0, 1701.0]
---------
Run N 4
Assign clusters - begin
0-24 1-342 2-233 3-3 4-4 5-363 6-400 7-637 8-8 9-94 10-43 11-11 12-734 13-230 14-740 15-15 16-534 17-801 18-740 19-400 20-441 21-431 22-15 23-23 24-24 25-342 26-26 27-540 28-412 29-30 30-30 31-637 32-32 33-441 34-34 35-35 36-342 37-568 38-740 39-241 40-8 41-441 42-241 43-43 44-15 45-15 46-534 47-229 48-342 49-272 50-779 51-79 52-52 53-65 54-962 55-568 56-956 57-637 58-952 59-342 60-621 61-902 62-779 63-279 64-759 65-65 66-157 67-412 68-225 69-779 70-294 71-740 72-966 73-729 74-966 75-75 76-414 77-98 78-78 79-79 80-157 81-356 82-82 83-75 84-697 85-174 86-299 87-87 88-43 89-621 90-90 91-966 92-65 93-93 94-94 95-8 96-556 97-576 98-98 99-610 100-380 101-576 102-601 103-15 104-174 105-272 106-523 107-697 108-512 109-317 110-110 111-111 112-15 113-258 114-467 115-219 116-577 117-230 118-523 119-412 120-248 121-241 122-696 123-294 124-230 125-512 126-126 127-78 128-128 129-690 130-956 131-734 132-157 133-740 134-467 135-135 136-772 137-859 138-78 139-65 140-140 141-876 142-169 143-319 144-144 145-413 146-135 147-431 148-194 149-149 150-94 151-157 152-15 153-523 154-707 155-319 156-964 157-157 158-158 159-65 160-65 161-279 162-279 163-779 164-759 165-779 166-928 167-779 168-964 169-169 170-75 171-32 172-467 173-173 174-174 175-956 176-176 177-523 178-734 179-523 180-241 181-556 182-569 183-576 184-184 185-342 186-952 187-293 188-413 189-189 190-412 191-523 192-523 193-201 194-194 195-952 196-690 197-772 198-772 199-346 200-35 201-201 202-946 203-235 204-204 205-205 206-565 207-681 208-661 209-568 210-265 211-568 212-230 213-98 214-214 215-909 216-413 217-876 218-400 219-219 220-230 221-467 222-708 223-219 224-224 225-225 226-230 227-201 228-204 229-229 230-230 231-319 232-398 233-233 234-523 235-235 236-690 237-412 238-577 239-239 240-240 241-241 242-690 243-79 244-772 245-925 246-398 247-357 248-248 249-15 250-251 251-251 252-35 253-426 254-87 255-259 256-32 257-740 258-258 259-259 260-259 261-204 262-956 263-734 264-621 265-265 266-964 267-267 268-342 269-194 270-648 271-52 272-272 273-259 274-688 275-43 276-956 277-556 278-360 279-279 280-280 281-312 282-779 283-952 284-279 285-169 286-413 287-75 288-494 289-966 290-189 291-734 292-219 293-293 294-294 295-523 296-523 297-696 298-299 299-299 300-299 301-577 302-971 303-876 304-956 305-797 306-306 307-360 308-704 309-690 310-956 311-219 312-312 313-426 314-740 315-520 316-577 317-317 318-837 319-319 320-169 321-579 322-241 323-335 324-324 325-325 326-790 327-690 328-740 329-577 330-194 331-398 332-201 333-909 334-576 335-335 336-52 337-426 338-15 339-339 340-740 341-341 342-342 343-565 344-740 345-779 346-346 347-523 348-348 349-978 350-230 351-235 352-637 353-353 354-556 355-579 356-356 357-357 358-259 359-610 360-360 361-512 362-742 363-363 364-540 365-219 366-30 367-294 368-493 369-534 370-534 371-412 372-293 373-576 374-259 375-259 376-707 377-708 378-52 379-400 380-380 381-82 382-946 383-697 384-174 385-219 386-977 387-387 388-43 389-230 390-398 391-391 392-577 393-416 394-837 395-79 396-734 397-740 398-398 399-259 400-400 401-24 402-964 403-4 404-259 405-258 406-94 407-648 408-319 409-779 410-966 411-565 412-412 413-413 414-414 415-648 416-416 417-241 418-790 419-565 420-267 421-35 422-956 423-576 424-637 425-356 426-426 427-952 428-26 429-26 430-801 431-431 432-15 433-360 434-740 435-412 436-94 437-437 438-540 439-400 440-688 441-441 442-65 443-43 444-174 445-169 446-413 447-740 448-729 449-412 450-534 451-779 452-229 453-299 454-971 455-696 456-75 457-718 458-90 459-75 460-75 461-564 462-79 463-235 464-978 465-790 466-229 467-467 468-962 469-556 470-32 471-568 472-472 473-219 474-15 475-715 476-740 477-467 478-801 479-523 480-241 481-772 482-512 483-342 484-174 485-201 486-319 487-933 488-135 489-933 490-740 491-512 492-293 493-493 494-494 495-24 496-204 497-467 498-259 499-272 500-219 501-413 502-467 503-540 504-772 505-740 506-258 507-472 508-577 509-426 510-363 511-568 512-512 513-648 514-426 515-876 516-279 517-294 518-348 519-952 520-520 521-521 522-194 523-523 524-412 525-579 526-565 527-79 528-240 529-24 530-15 531-621 532-272 533-632 534-534 535-412 536-956 537-248 538-621 539-539 540-540 541-24 542-11 543-902 544-128 545-540 546-437 547-772 548-341 549-65 550-550 551-75 552-552 553-229 554-946 555-956 556-556 557-235 558-558 559-523 560-964 561-697 562-110 563-577 564-564 565-565 566-928 567-229 568-568 569-569 570-956 571-342 572-317 573-219 574-65 575-696 576-576 577-577 578-169 579-579 580-772 581-772 582-956 583-157 584-637 585-15 586-637 587-587 588-15 589-52 590-176 591-412 592-592 593-335 594-319 595-24 596-52 597-15 598-412 599-30 600-35 601-601 602-158 603-34 604-259 605-740 606-94 607-15 608-426 609-494 610-610 611-962 612-400 613-576 614-15 615-565 616-335 617-30 618-158 619-493 620-94 621-621 622-52 623-34 624-565 625-35 626-437 627-627 628-157 629-158 630-126 631-631 632-632 633-363 634-363 635-32 636-672 637-637 638-8 639-15 640-601 641-26 642-24 643-32 644-32 645-441 646-294 647-801 648-648 649-43 650-650 651-556 652-722 653-909 654-654 655-964 656-661 657-15 658-157 659-494 660-299 661-661 662-520 663-648 664-772 665-665 666-43 667-280 668-79 669-413 670-219 671-779 672-672 673-696 674-189 675-94 676-707 677-413 678-697 679-568 680-680 681-681 682-493 683-568 684-493 685-356 686-686 687-569 688-688 689-512 690-690 691-140 692-837 693-697 694-568 695-966 696-696 697-697 698-661 699-964 700-876 701-909 702-952 703-704 704-704 705-229 706-523 707-707 708-708 709-876 710-523 711-946 712-201 713-742 714-568 715-715 716-219 717-441 718-718 719-43 720-565 721-946 722-722 723-78 724-294 725-966 726-467 727-727 728-189 729-729 730-35 731-204 732-859 733-317 734-734 735-413 736-78 737-837 738-157 739-577 740-740 741-740 742-742 743-740 744-956 745-837 746-493 747-158 748-235 749-749 750-413 751-696 752-149 753-414 754-576 755-565 756-822 757-520 758-876 759-759 760-413 761-79 762-325 763-189 764-126 765-621 766-523 767-512 768-978 769-946 770-610 771-79 772-772 773-773 774-876 775-240 776-82 777-65 778-850 779-779 780-790 781-523 782-782 783-523 784-523 785-299 786-233 787-312 788-772 789-8 790-790 791-837 792-952 793-837 794-293 795-964 796-219 797-797 798-556 799-648 800-956 801-801 802-568 803-294 804-837 805-779 806-734 807-807 808-75 809-426 810-956 811-811 812-779 813-909 814-413 815-837 816-317 817-194 818-194 819-565 820-317 821-201 822-822 823-32 824-977 825-413 826-952 827-740 828-398 829-65 830-648 831-173 832-363 833-801 834-648 835-294 836-859 837-837 838-576 839-235 840-681 841-348 842-842 843-956 844-412 845-850 846-977 847-512 848-111 849-797 850-850 851-790 852-807 853-734 854-772 855-855 856-335 857-801 858-858 859-859 860-294 861-966 862-556 863-413 864-864 865-24 866-65 867-867 868-523 869-822 870-734 871-312 872-873 873-873 874-952 875-412 876-876 877-734 878-467 879-957 880-174 881-189 882-966 883-294 884-884 885-348 886-201 887-467 888-565 889-822 890-413 891-891 892-400 893-952 894-894 895-895 896-734 897-348 898-556 899-214 900-341 901-189 902-902 903-704 904-904 905-467 906-909 907-312 908-176 909-909 910-241 911-850 912-219 913-556 914-413 915-467 916-956 917-577 918-32 919-919 920-933 921-111 922-523 923-184 924-964 925-925 926-946 927-294 928-928 929-324 930-201 931-312 932-169 933-933 934-740 935-521 936-219 937-176 938-938 939-939 940-342 941-909 942-319 943-558 944-797 945-79 946-946 947-82 948-697 949-837 950-467 951-342 952-952 953-32 954-414 955-891 956-956 957-957 958-312 959-387 960-79 961-858 962-962 963-204 964-964 965-740 966-966 967-556 968-968 969-398 970-970 971-971 972-512 973-219 974-325 975-174 976-189 977-977 978-978 979-523 980-909 981-740 982-78 983-293 984-740 985-174 986-414 987-173 988-98 989-686 990-801 991-858 992-299 993-98 994-964 995-219 996-229 997-971 998-201 999-342 
Assign clusters - end
---------
Clusters [235, 8, 873, 224, 648, 201, 956, 35, 194, 184, 919, 319, 267, 782, 939, 850, 558, 176, 962, 680, 52, 239, 729, 579, 909, 621, 520, 174, 740, 550, 412, 34, 43, 759, 601, 346, 708, 672, 3, 413, 32, 280, 15, 707, 859, 556, 272, 842, 715, 637, 204, 627, 306, 632, 512, 610, 229, 110, 790, 259, 391, 977, 437, 335, 398, 577, 416, 946, 219, 978, 864, 876, 135, 128, 230, 631, 568, 279, 822, 891, 521, 324, 895, 93, 534, 964, 772, 317, 294, 79, 650, 552, 902, 734, 357, 205, 65, 111, 494, 30, 576, 348, 363, 353, 971, 157, 342, 293, 126, 299, 265, 968, 140, 801, 169, 797, 884, 426, 523, 258, 925, 144, 360, 339, 681, 23, 98, 400, 24, 472, 592, 779, 966, 149, 380, 696, 697, 858, 957, 4, 225, 78, 387, 565, 493, 158, 356, 722, 933, 867, 727, 11, 189, 431, 82, 540, 75, 240, 341, 704, 688, 807, 467, 539, 214, 312, 749, 441, 970, 952, 587, 94, 665, 564, 855, 248, 233, 87, 241, 904, 251, 742, 661, 173, 654, 718, 686, 414, 773, 569, 894, 90, 928, 26, 938, 811, 690, 605, 325, 837]
Cluster 235
Cluster 8
Cluster 873
Cluster 224
Cluster 648
Cluster 201
Cluster 956
Cluster 35
Cluster 194
Cluster 184
Cluster 919
Cluster 319
Cluster 267
Cluster 782
Cluster 939
Cluster 850
Cluster 558
Cluster 176
Cluster 962
Cluster 680
Cluster 52
Cluster 239
Cluster 729
Cluster 579
Cluster 909
Cluster 621
Cluster 520
Cluster 174
Cluster 740
Cluster 550
Cluster 412
Cluster 34
Cluster 43
Cluster 759
Cluster 601
Cluster 346
Cluster 708
Cluster 672
Cluster 3
Cluster 413
Cluster 32
Cluster 280
Cluster 15
Cluster 707
Cluster 859
Cluster 556
Cluster 272
Cluster 842
Cluster 715
Cluster 637
Cluster 204
Cluster 627
Cluster 306
Cluster 632
Cluster 512
Cluster 610
Cluster 229
Cluster 110
Cluster 790
Cluster 259
Cluster 391
Cluster 977
Cluster 437
Cluster 335
Cluster 398
Cluster 577
Cluster 416
Cluster 946
Cluster 219
Cluster 978
Cluster 864
Cluster 876
Cluster 135
Cluster 128
Cluster 230
Cluster 631
Cluster 568
Cluster 279
Cluster 822
Cluster 891
Cluster 521
Cluster 324
Cluster 895
Cluster 93
Cluster 534
Cluster 964
Cluster 772
Cluster 317
Cluster 294
Cluster 79
Cluster 650
Cluster 552
Cluster 902
Cluster 734
Cluster 357
Cluster 205
Cluster 65
Cluster 111
Cluster 494
Cluster 30
Cluster 576
Cluster 348
Cluster 363
Cluster 353
Cluster 971
Cluster 157
Cluster 342
Cluster 293
Cluster 126
Cluster 299
Cluster 265
Cluster 968
Cluster 140
Cluster 801
Cluster 169
Cluster 797
Cluster 884
Cluster 426
Cluster 523
Cluster 258
Cluster 925
Cluster 144
Cluster 360
Cluster 339
Cluster 681
Cluster 23
Cluster 98
Cluster 400
Cluster 24
Cluster 472
Cluster 592
Cluster 779
Cluster 966
Cluster 149
Cluster 380
Cluster 696
Cluster 697
Cluster 858
Cluster 957
Cluster 4
Cluster 225
Cluster 78
Cluster 387
Cluster 565
Cluster 493
Cluster 158
Cluster 356
Cluster 722
Cluster 933
Cluster 867
Cluster 727
Cluster 11
Cluster 189
Cluster 431
Cluster 82
Cluster 540
Cluster 75
Cluster 240
Cluster 341
Cluster 704
Cluster 688
Cluster 807
Cluster 467
Cluster 539
Cluster 214
Cluster 312
Cluster 749
Cluster 441
Cluster 970
Cluster 952
Cluster 587
Cluster 94
Cluster 665
Cluster 564
Cluster 855
Cluster 248
Cluster 233
Cluster 87
Cluster 241
Cluster 904
Cluster 251
Cluster 742
Cluster 661
Cluster 173
Cluster 654
Cluster 718
Cluster 686
Cluster 414
Cluster 773
Cluster 569
Cluster 894
Cluster 90
Cluster 928
Cluster 26
Cluster 938
Cluster 811
Cluster 690
Cluster 605
Cluster 325
Cluster 837
Old Clusters [235   8 873 224 648 201 956  35 194 184 919 319 267 782 939 850 558 176
 962 680  52 239 729 579 909 621 520 174 740 550 412  34  43 759 601 346
 708 672   3 413  32 280  15 707 859 556 272 842 715 637 204 627 306 632
 512 610 229 110 790 259 391 977 437 335 398 577 416 946 219 978 864 876
 135 128 230 631 568 279 822 891 521 324 895  93 534 964 772 317 294  79
 650 552 902 734 357 205  65 111 494  30 576 348 363 353 971 157 342 293
 126 299 265 968 140 801 169 797 884 426 523 258 925 144 360 339 681  23
  98 400  24 472 592 779 966 149 380 696 697 858 957   4 225  78 387 565
 493 158 356 722 933 867 727  11 189 431  82 540  75 240 341 704 688 807
 467 539 214 312 749 441 970 952 587  94 665 564 855 248 233  87 241 904
 251 742 661 173 654 718 686 414 773 569 894  90 928  26 938 811 690 605
 325 837]
Clusters [235, 8, 873, 224, 648, 201, 956, 35, 194, 184, 919, 319, 267, 782, 939, 850, 558, 176, 962, 680, 52, 239, 729, 579, 909, 621, 520, 174, 740, 550, 412, 34, 43, 759, 601, 346, 708, 672, 3, 413, 32, 280, 15, 707, 859, 556, 272, 842, 715, 637, 204, 627, 306, 632, 512, 610, 229, 110, 790, 259, 391, 977, 437, 335, 398, 577, 416, 946, 219, 978, 864, 876, 135, 128, 230, 631, 568, 279, 822, 891, 521, 324, 895, 93, 534, 964, 772, 317, 294, 79, 650, 552, 902, 734, 357, 205, 65, 111, 494, 30, 576, 348, 363, 353, 971, 157, 342, 293, 126, 299, 265, 968, 140, 801, 169, 797, 884, 426, 523, 258, 925, 144, 360, 339, 681, 23, 98, 400, 24, 472, 592, 779, 966, 149, 380, 696, 697, 858, 957, 4, 225, 78, 387, 565, 493, 158, 356, 722, 933, 867, 727, 11, 189, 431, 82, 540, 75, 240, 341, 704, 688, 807, 467, 539, 214, 312, 749, 441, 970, 952, 587, 94, 665, 564, 855, 248, 233, 87, 241, 904, 251, 742, 661, 173, 654, 718, 686, 414, 773, 569, 894, 90, 928, 26, 938, 811, 690, 605, 325, 837]
---------
Run 4 Intermidiate clusteroids [235, 8, 873, 224, 648, 201, 956, 35, 194, 184, 919, 319, 267, 782, 939, 850, 558, 176, 962, 680, 52, 239, 729, 579, 909, 621, 520, 174, 740, 550, 412, 34, 43, 759, 601, 346, 708, 672, 3, 413, 32, 280, 15, 707, 859, 556, 272, 842, 715, 637, 204, 627, 306, 632, 512, 610, 229, 110, 790, 259, 391, 977, 437, 335, 398, 577, 416, 946, 219, 978, 864, 876, 135, 128, 230, 631, 568, 279, 822, 891, 521, 324, 895, 93, 534, 964, 772, 317, 294, 79, 650, 552, 902, 734, 357, 205, 65, 111, 494, 30, 576, 348, 363, 353, 971, 157, 342, 293, 126, 299, 265, 968, 140, 801, 169, 797, 884, 426, 523, 258, 925, 144, 360, 339, 681, 23, 98, 400, 24, 472, 592, 779, 966, 149, 380, 696, 697, 858, 957, 4, 225, 78, 387, 565, 493, 158, 356, 722, 933, 867, 727, 11, 189, 431, 82, 540, 75, 240, 341, 704, 688, 807, 467, 539, 214, 312, 749, 441, 970, 952, 587, 94, 665, 564, 855, 248, 233, 87, 241, 904, 251, 742, 661, 173, 654, 718, 686, 414, 773, 569, 894, 90, 928, 26, 938, 811, 690, 605, 325, 837]
Run 4 Intermidiate cluster density [1020.0, 753.0, 265.0, 140.0, 1353.0, 1375.0, 2906.0, 1093.0, 1052.0, 251.0, 127.0, 1183.0, 279.0, 69.0, 150.0, 580.0, 263.0, 623.0, 616.0, 145.0, 1096.0, 135.0, 453.0, 621.0, 1334.0, 1070.0, 584.0, 1429.0, 4051.0, 102.0, 2294.0, 458.0, 1343.0, 398.0, 478.0, 295.0, 452.0, 277.0, 129.0, 2488.0, 1607.0, 301.0, 2959.0, 621.0, 577.0, 1787.0, 783.0, 137.0, 269.0, 1253.0, 931.0, 138.0, 140.0, 259.0, 1543.0, 630.0, 1252.0, 248.0, 909.0, 1703.0, 139.0, 607.0, 453.0, 723.0, 1038.0, 1605.0, 299.0, 1118.0, 2581.0, 607.0, 115.0, 1316.0, 438.0, 297.0, 1357.0, 126.0, 1808.0, 852.0, 595.0, 294.0, 324.0, 291.0, 145.0, 154.0, 910.0, 1695.0, 1886.0, 890.0, 1829.0, 1603.0, 149.0, 132.0, 436.0, 1852.0, 288.0, 134.0, 1735.0, 456.0, 626.0, 765.0, 1525.0, 722.0, 897.0, 146.0, 576.0, 1387.0, 1979.0, 856.0, 439.0, 1201.0, 257.0, 156.0, 305.0, 1281.0, 1055.0, 561.0, 105.0, 1217.0, 3344.0, 594.0, 318.0, 118.0, 633.0, 156.0, 412.0, 133.0, 735.0, 1220.0, 1349.0, 297.0, 148.0, 1965.0, 1524.0, 249.0, 262.0, 1088.0, 1161.0, 425.0, 303.0, 310.0, 259.0, 873.0, 318.0, 1781.0, 907.0, 780.0, 604.0, 309.0, 615.0, 150.0, 138.0, 305.0, 1197.0, 415.0, 617.0, 897.0, 1332.0, 404.0, 449.0, 606.0, 429.0, 303.0, 2146.0, 148.0, 312.0, 1072.0, 114.0, 928.0, 135.0, 1801.0, 139.0, 1192.0, 148.0, 291.0, 109.0, 464.0, 483.0, 293.0, 1384.0, 115.0, 303.0, 426.0, 548.0, 412.0, 124.0, 310.0, 283.0, 717.0, 128.0, 446.0, 145.0, 305.0, 457.0, 639.0, 129.0, 142.0, 1016.0, 0, 457.0, 1701.0]
Clasterisation - end.
Final clusteroids [235, 8, 873, 224, 648, 201, 956, 35, 194, 184, 919, 319, 267, 782, 939, 850, 558, 176, 962, 680, 52, 239, 729, 579, 909, 621, 520, 174, 740, 550, 412, 34, 43, 759, 601, 346, 708, 672, 3, 413, 32, 280, 15, 707, 859, 556, 272, 842, 715, 637, 204, 627, 306, 632, 512, 610, 229, 110, 790, 259, 391, 977, 437, 335, 398, 577, 416, 946, 219, 978, 864, 876, 135, 128, 230, 631, 568, 279, 822, 891, 521, 324, 895, 93, 534, 964, 772, 317, 294, 79, 650, 552, 902, 734, 357, 205, 65, 111, 494, 30, 576, 348, 363, 353, 971, 157, 342, 293, 126, 299, 265, 968, 140, 801, 169, 797, 884, 426, 523, 258, 925, 144, 360, 339, 681, 23, 98, 400, 24, 472, 592, 779, 966, 149, 380, 696, 697, 858, 957, 4, 225, 78, 387, 565, 493, 158, 356, 722, 933, 867, 727, 11, 189, 431, 82, 540, 75, 240, 341, 704, 688, 807, 467, 539, 214, 312, 749, 441, 970, 952, 587, 94, 665, 564, 855, 248, 233, 87, 241, 904, 251, 742, 661, 173, 654, 718, 686, 414, 773, 569, 894, 90, 928, 26, 938, 811, 690, 605, 325, 837]
Final cluster density [1020.0, 753.0, 265.0, 140.0, 1353.0, 1375.0, 2906.0, 1093.0, 1052.0, 251.0, 127.0, 1183.0, 279.0, 69.0, 150.0, 580.0, 263.0, 623.0, 616.0, 145.0, 1096.0, 135.0, 453.0, 621.0, 1334.0, 1070.0, 584.0, 1429.0, 4051.0, 102.0, 2294.0, 458.0, 1343.0, 398.0, 478.0, 295.0, 452.0, 277.0, 129.0, 2488.0, 1607.0, 301.0, 2959.0, 621.0, 577.0, 1787.0, 783.0, 137.0, 269.0, 1253.0, 931.0, 138.0, 140.0, 259.0, 1543.0, 630.0, 1252.0, 248.0, 909.0, 1703.0, 139.0, 607.0, 453.0, 723.0, 1038.0, 1605.0, 299.0, 1118.0, 2581.0, 607.0, 115.0, 1316.0, 438.0, 297.0, 1357.0, 126.0, 1808.0, 852.0, 595.0, 294.0, 324.0, 291.0, 145.0, 154.0, 910.0, 1695.0, 1886.0, 890.0, 1829.0, 1603.0, 149.0, 132.0, 436.0, 1852.0, 288.0, 134.0, 1735.0, 456.0, 626.0, 765.0, 1525.0, 722.0, 897.0, 146.0, 576.0, 1387.0, 1979.0, 856.0, 439.0, 1201.0, 257.0, 156.0, 305.0, 1281.0, 1055.0, 561.0, 105.0, 1217.0, 3344.0, 594.0, 318.0, 118.0, 633.0, 156.0, 412.0, 133.0, 735.0, 1220.0, 1349.0, 297.0, 148.0, 1965.0, 1524.0, 249.0, 262.0, 1088.0, 1161.0, 425.0, 303.0, 310.0, 259.0, 873.0, 318.0, 1781.0, 907.0, 780.0, 604.0, 309.0, 615.0, 150.0, 138.0, 305.0, 1197.0, 415.0, 617.0, 897.0, 1332.0, 404.0, 449.0, 606.0, 429.0, 303.0, 2146.0, 148.0, 312.0, 1072.0, 114.0, 928.0, 135.0, 1801.0, 139.0, 1192.0, 148.0, 291.0, 109.0, 464.0, 483.0, 293.0, 1384.0, 115.0, 303.0, 426.0, 548.0, 412.0, 124.0, 310.0, 283.0, 717.0, 128.0, 446.0, 145.0, 305.0, 457.0, 639.0, 129.0, 142.0, 1016.0, 0, 457.0, 1701.0]

