________________________________________________________________________________
| ~/hadoop/project_py @ air-nikita (Nikita)
| => spark-submit clustering_spark_uc_kep_obs.py
Using Spark's default log4j profile: org/apache/spark/log4j-defaults.properties
17/04/12 01:57:25 INFO SparkContext: Running Spark version 2.1.0
17/04/12 01:57:25 WARN NativeCodeLoader: Unable to load native-hadoop library for your platform... using builtin-java classes where applicable
17/04/12 01:57:25 INFO SecurityManager: Changing view acls to: Nikita
17/04/12 01:57:25 INFO SecurityManager: Changing modify acls to: Nikita
17/04/12 01:57:25 INFO SecurityManager: Changing view acls groups to:
17/04/12 01:57:25 INFO SecurityManager: Changing modify acls groups to:
17/04/12 01:57:25 INFO SecurityManager: SecurityManager: authentication disabled; ui acls disabled; users  with view permissions: Set(Nikita); groups with view permissions: Set(); users  with modify permissions: Set(Nikita); groups with modify permissions: Set()
17/04/12 01:57:26 INFO Utils: Successfully started service 'sparkDriver' on port 54785.
17/04/12 01:57:26 INFO SparkEnv: Registering MapOutputTracker
17/04/12 01:57:26 INFO SparkEnv: Registering BlockManagerMaster
17/04/12 01:57:26 INFO BlockManagerMasterEndpoint: Using org.apache.spark.storage.DefaultTopologyMapper for getting topology information
17/04/12 01:57:26 INFO BlockManagerMasterEndpoint: BlockManagerMasterEndpoint up
17/04/12 01:57:26 INFO DiskBlockManager: Created local directory at /private/var/folders/wq/ryv9r2yd7yb58s84rrd0cpww0000gn/T/blockmgr-fb4bdf18-f635-4b97-9ad7-a627e623b69b
17/04/12 01:57:26 INFO MemoryStore: MemoryStore started with capacity 366.3 MB
17/04/12 01:57:26 INFO SparkEnv: Registering OutputCommitCoordinator
17/04/12 01:57:27 INFO Utils: Successfully started service 'SparkUI' on port 4040.
17/04/12 01:57:27 INFO SparkUI: Bound SparkUI to 0.0.0.0, and started at http://172.29.28.211:4040
17/04/12 01:57:27 INFO SparkContext: Added file file:/Users/Nikita/hadoop/project_py/clustering_spark_uc_kep_obs.py at file:/Users/Nikita/hadoop/project_py/clustering_spark_uc_kep_obs.py with timestamp 1491944247458
17/04/12 01:57:27 INFO Utils: Copying /Users/Nikita/hadoop/project_py/clustering_spark_uc_kep_obs.py to /private/var/folders/wq/ryv9r2yd7yb58s84rrd0cpww0000gn/T/spark-b1025cb9-44d9-4e5e-be28-5244c72d27a6/userFiles-07a7a6db-5b13-4150-9481-fa2cff0961c9/clustering_spark_uc_kep_obs.py
17/04/12 01:57:27 INFO Executor: Starting executor ID driver on host localhost
17/04/12 01:57:27 INFO Utils: Successfully started service 'org.apache.spark.network.netty.NettyBlockTransferService' on port 54788.
17/04/12 01:57:27 INFO NettyBlockTransferService: Server created on 172.29.28.211:54788
17/04/12 01:57:27 INFO BlockManager: Using org.apache.spark.storage.RandomBlockReplicationPolicy for block replication policy
17/04/12 01:57:27 INFO BlockManagerMaster: Registering BlockManager BlockManagerId(driver, 172.29.28.211, 54788, None)
17/04/12 01:57:27 INFO BlockManagerMasterEndpoint: Registering block manager 172.29.28.211:54788 with 366.3 MB RAM, BlockManagerId(driver, 172.29.28.211, 54788, None)
17/04/12 01:57:27 INFO BlockManagerMaster: Registered BlockManager BlockManagerId(driver, 172.29.28.211, 54788, None)
17/04/12 01:57:27 INFO BlockManager: Initialized BlockManager: BlockManagerId(driver, 172.29.28.211, 54788, None)
---------
Finde Clusteroids
Data preparation - beginning

number_of_clusteroids = 100
num_of_rows = 1000
File name = uc_kep_obs/uc_kep_obs.txt
/Users/Nikita/hadoop/project_py/clustering_spark_uc_kep_obs.py:29: FutureWarning: the coerce=True keyword is deprecated, use errors='coerce' instead
  dateparser = lambda x: pd.to_datetime(x, format='%Y-%m-%d', coerce=True)

Convert Dates
Process: reg_dt
Process: since_asv_max
Process: upto_asv_max
Process: since_asv_min
Process: upto_asv_min
Process: since_bk
Process: upto_bk
Process: since_diadoc
Process: upto_diadoc
Process: since_edi
Process: upto_edi
Process: since_alko
Process: upto_alko
Process: since_egais
Process: upto_egais
Process: since_kz
Process: upto_kz
Process: since_fms
Process: upto_fms
Process: since_kn
Process: upto_kn
Process: since_kf
Process: upto_kf
Process: since_ke
Process: upto_ke
Process: since_kep
Process: upto_kep
Process: since_kep_egais
Process: upto_kep_egais
Process: since_nds
Process: upto_nds
Process: since_etp
Process: upto_etp
Process: since_kemb
Process: upto_kemb
Process: demo_kopf_date
Process: etp_activity_bd
Process: etp_activity_ed
Process: etp_accredit_bd
Process: etp_accredit_ed
Process: cert_etprf_upto
Process: cert_sb_upto
Process: ksnds_date_last_login

Categorize columns
Process: ['personal', 0, 100000, 100]
Process: ['cnt_founder_ul', 0, 100, 20]
Process: ['cnt_founder_fl', 0, 500, 50]
Process: ['revenue', 0, 2000000000000, 1000000]
Process: ['revenue2014', 0, 2000000000000, 1000000]
Process: ['revenue2015', 0, 2000000000000, 1000000]
Process: ['profit2014', -50000000000, 50000000000, 1000000]
Process: ['arbitrage_c', 0, 10000, 10]
Process: ['arbitrage_c_lastyear', 0, 10000, 10]
Process: ['arbitrage_d', 0, 10000, 10]
Process: ['arbitrage_cd', 0, 10000, 10]
Process: ['etp_cnt', 0, 50000, 1000]
Process: ['alko_shipper_cnt', 0, 50, 10]
Process: ['summ_contracts44', 0, 50000000000, 1000000]
Process: ['summ_contracts223', 0, 50000000000, 1000000]
Process: ['cnt_ca_8', 0, 1000, 10]
Process: ['cnt_ca_8_active_ca', 0, 1000, 10]
Process: ['cnt_ca_9', 0, 1000, 10]
Process: ['cnt_ca_9_active_ca', 0, 1000, 10]
Process: ['invoices_count_8', 0, 1000000, 10000]
Process: ['invoices_count_9', 0, 1000000, 10000]

Data preparation - end.

Clssterisation - k-maens - beginning
Assign random clusters
Random Clusteroids [914 650 621 100 874 407 221 308 661 658 443 129 239 479 859 886 753 619
 604   7 988 877 612 901  33 379 959 474  92 889 631 610 851 908 547 751
 192 602  79 752 199 918 731 348 695 102 131 136 672 394  39 806 936 662
 410  61 243 372 294 497 774 315 850  68 505 437 629 678 926 639 408 241
 405 513 835 108 741 635 575 989 722 501 995  93 491 879 792 823 230 807
 542 668 861 353 775 529 671 864 622  30]
Start k-means
---------
Run N 1
Assign clusters - begin
0-529 1-491 2-959 3-243 4-610 5-850 6-379 7-7 8-621 9-547 10-443 11-39 12-131 13-230 14-741 15-497 16-379 17-741 18-505 19-604 20-33 21-129 22-639 23-621 24-529 25-639 26-959 27-988 28-294 29-30 30-30 31-33 32-823 33-33 34-851 35-612 36-914 37-513 38-741 39-39 40-621 41-33 42-39 43-661 44-658 45-619 46-658 47-774 48-678 49-33 50-671 51-79 52-622 53-92 54-131 55-914 56-959 57-33 58-901 59-491 60-621 61-61 62-671 63-230 64-294 65-92 66-658 67-129 68-68 69-671 70-294 71-741 72-658 73-39 74-695 75-988 76-753 77-926 78-92 79-79 80-658 81-835 82-131 83-988 84-886 85-741 86-491 87-678 88-443 89-622 90-192 91-695 92-92 93-93 94-671 95-621 96-136 97-851 98-988 99-610 100-100 101-695 102-102 103-639 104-610 105-497 106-479 107-221 108-108 109-479 110-129 111-722 112-497 113-619 114-851 115-230 116-513 117-230 118-479 119-294 120-619 121-241 122-575 123-294 124-221 125-995 126-529 127-92 128-988 129-129 130-394 131-131 132-61 133-505 134-851 135-68 136-136 137-859 138-92 139-695 140-619 141-774 142-241 143-408 144-671 145-886 146-661 147-672 148-479 149-752 150-39 151-33 152-612 153-479 154-39 155-671 156-695 157-30 158-602 159-92 160-491 161-230 162-230 163-671 164-294 165-671 166-33 167-671 168-131 169-241 170-501 171-823 172-221 173-79 174-610 175-959 176-33 177-192 178-851 179-192 180-241 181-672 182-474 183-851 184-294 185-501 186-914 187-79 188-886 189-901 190-348 191-192 192-192 193-752 194-407 195-901 196-129 197-79 198-79 199-199 200-131 201-752 202-752 203-379 204-221 205-859 206-92 207-672 208-661 209-230 210-136 211-995 212-230 213-988 214-988 215-92 216-914 217-774 218-901 219-230 220-230 221-221 222-889 223-230 224-678 225-68 226-230 227-752 228-131 229-988 230-230 231-408 232-479 233-823 234-479 235-92 236-775 237-68 238-479 239-239 240-775 241-241 242-294 243-243 244-859 245-823 246-753 247-621 248-851 249-497 250-619 251-619 252-221 253-851 254-443 255-658 256-741 257-610 258-379 259-379 260-612 261-61 262-959 263-851 264-621 265-661 266-131 267-547 268-529 269-479 270-61 271-622 272-497 273-658 274-612 275-79 276-959 277-889 278-39 279-230 280-93 281-131 282-671 283-792 284-230 285-353 286-501 287-988 288-610 289-695 290-901 291-131 292-230 293-136 294-294 295-479 296-479 297-851 298-474 299-230 300-230 301-479 302-479 303-774 304-959 305-294 306-612 307-602 308-308 309-129 310-959 311-230 312-221 313-501 314-741 315-315 316-513 317-479 318-635 319-859 320-491 321-230 322-241 323-901 324-695 325-221 326-92 327-753 328-823 329-513 330-479 331-479 332-752 333-874 334-650 335-30 336-622 337-678 338-497 339-635 340-610 341-658 342-914 343-379 344-505 345-671 346-199 347-479 348-348 349-774 350-230 351-379 352-407 353-353 354-672 355-575 356-100 357-621 358-612 359-610 360-39 361-102 362-547 363-850 364-501 365-230 366-604 367-294 368-995 369-658 370-30 371-348 372-372 373-529 374-658 375-604 376-851 377-407 378-622 379-379 380-100 381-529 382-752 383-886 384-610 385-995 386-988 387-959 388-68 389-230 390-753 391-851 392-513 393-497 394-394 395-79 396-807 397-741 398-479 399-612 400-379 401-92 402-639 403-102 404-604 405-405 406-859 407-407 408-408 409-671 410-410 411-901 412-775 413-501 414-753 415-407 416-497 417-39 418-612 419-30 420-989 421-612 422-959 423-851 424-33 425-129 426-988 427-7 428-959 429-959 430-741 431-294 432-658 433-639 434-635 435-889 436-859 437-437 438-850 439-379 440-851 441-33 442-92 443-443 444-610 445-92 446-92 447-741 448-39 449-294 450-658 451-408 452-221 453-491 454-513 455-39 456-501 457-823 458-479 459-988 460-886 461-859 462-79 463-92 464-850 465-695 466-988 467-221 468-221 469-661 470-741 471-474 472-807 473-230 474-474 475-672 476-918 477-221 478-936 479-479 480-241 481-79 482-995 483-474 484-610 485-752 486-671 487-407 488-629 489-479 490-741 491-491 492-672 493-491 494-610 495-695 496-61 497-497 498-658 499-851 500-230 501-501 502-221 503-61 504-79 505-505 506-513 507-731 508-874 509-678 510-622 511-901 512-491 513-513 514-926 515-850 516-230 517-294 518-348 519-851 520-662 521-823 522-479 523-192 524-479 525-474 526-901 527-79 528-753 529-529 530-474 531-621 532-851 533-129 534-658 535-294 536-959 537-39 538-621 539-806 540-850 541-658 542-542 543-658 544-501 545-850 546-437 547-547 548-658 549-513 550-874 551-988 552-239 553-678 554-926 555-959 556-136 557-92 558-92 559-479 560-806 561-678 562-547 563-479 564-752 565-92 566-33 567-610 568-901 569-479 570-959 571-92 572-68 573-497 574-92 575-575 576-851 577-479 578-491 579-230 580-79 581-926 582-823 583-658 584-7 585-497 586-7 587-851 588-33 589-622 590-33 591-407 592-491 593-30 594-859 595-308 596-39 597-914 598-100 599-874 600-602 601-102 602-602 603-731 604-604 605-741 606-671 607-639 608-622 609-610 610-610 611-33 612-612 613-695 614-639 615-529 616-695 617-30 618-621 619-619 620-408 621-621 622-622 623-851 624-30 625-612 626-437 627-410 628-33 629-629 630-131 631-631 632-68 633-850 634-850 635-635 636-672 637-7 638-621 639-639 640-102 641-959 642-658 643-823 644-823 645-131 646-294 647-505 648-407 649-661 650-650 651-443 652-722 653-379 654-671 655-131 656-661 657-33 658-658 659-610 660-230 661-661 662-662 663-722 664-79 665-851 666-129 667-505 668-668 669-988 670-936 671-671 672-672 673-661 674-901 675-671 676-851 677-886 678-678 679-221 680-612 681-661 682-491 683-661 684-995 685-889 686-989 687-575 688-851 689-995 690-294 691-612 692-612 693-926 694-861 695-695 696-443 697-752 698-661 699-851 700-774 701-604 702-491 703-308 704-695 705-886 706-192 707-602 708-407 709-850 710-192 711-886 712-752 713-752 714-874 715-672 716-230 717-497 718-639 719-68 720-92 721-752 722-722 723-901 724-294 725-695 726-851 727-774 728-901 729-39 730-612 731-731 732-859 733-672 734-131 735-914 736-61 737-874 738-807 739-92 740-741 741-741 742-79 743-741 744-959 745-505 746-491 747-602 748-221 749-661 750-501 751-751 752-752 753-753 754-501 755-92 756-479 757-662 758-774 759-100 760-501 761-243 762-874 763-30 764-491 765-621 766-192 767-491 768-988 769-752 770-108 771-79 772-79 773-230 774-774 775-775 776-92 777-92 778-850 779-671 780-131 781-479 782-79 783-192 784-192 785-230 786-505 787-221 788-79 789-479 790-851 791-93 792-792 793-394 794-68 795-695 796-230 797-835 798-672 799-491 800-959 801-936 802-662 803-294 804-874 805-408 806-806 807-807 808-988 809-678 810-959 811-491 812-671 813-604 814-501 815-635 816-479 817-479 818-479 819-92 820-479 821-886 822-294 823-823 824-501 825-501 826-407 827-741 828-753 829-407 830-678 831-859 832-850 833-741 834-501 835-835 836-859 837-131 838-851 839-379 840-136 841-348 842-437 843-959 844-775 845-850 846-695 847-995 848-722 849-294 850-850 851-851 852-731 853-131 854-243 855-79 856-695 857-741 858-501 859-859 860-294 861-861 862-68 863-914 864-864 865-491 866-678 867-731 868-479 869-889 870-131 871-131 872-79 873-661 874-874 875-294 876-850 877-877 878-92 879-879 880-936 881-901 882-695 883-835 884-294 885-348 886-886 887-851 888-92 889-889 890-926 891-92 892-379 893-379 894-131 895-407 896-131 897-348 898-136 899-610 900-658 901-901 902-30 903-221 904-79 905-221 906-92 907-877 908-908 909-92 910-241 911-850 912-221 913-661 914-914 915-851 916-959 917-513 918-918 919-889 920-241 921-610 922-192 923-372 924-131 925-823 926-926 927-294 928-221 929-901 930-752 931-308 932-936 933-479 934-741 935-851 936-936 937-308 938-92 939-914 940-501 941-901 942-408 943-92 944-294 945-671 946-752 947-221 948-501 949-612 950-308 951-491 952-874 953-959 954-753 955-92 956-959 957-879 958-131 959-959 960-79 961-501 962-901 963-92 964-131 965-741 966-695 967-136 968-102 969-479 970-39 971-479 972-491 973-901 974-851 975-936 976-695 977-988 978-850 979-479 980-92 981-823 982-901 983-889 984-741 985-741 986-753 987-294 988-988 989-989 990-936 991-501 992-230 993-988 994-731 995-995 996-497 997-513 998-926 999-308
Assign clusters - end
---------
Clusters [914, 650, 621, 100, 874, 407, 221, 308, 661, 658, 443, 129, 239, 479, 859, 886, 753, 619, 604, 7, 988, 877, 612, 901, 33, 379, 959, 474, 92, 889, 631, 610, 851, 908, 547, 751, 192, 602, 79, 752, 199, 918, 731, 348, 695, 102, 131, 136, 672, 394, 39, 806, 936, 662, 410, 61, 243, 372, 294, 497, 774, 315, 850, 68, 505, 437, 629, 678, 926, 639, 408, 241, 405, 513, 835, 108, 741, 635, 575, 989, 722, 501, 995, 93, 491, 879, 792, 823, 230, 807, 542, 668, 861, 353, 775, 529, 671, 864, 622, 30]
Cluster 914
Cluster 650
Cluster 621
----New clusteroid 8 min summ distance 2172
Cluster 100
----New clusteroid 380 min summ distance 758
Cluster 874
Cluster 407
Cluster 221
----New clusteroid 467 min summ distance 3285
Cluster 308
Cluster 661
Cluster 658
Cluster 443
Cluster 129
Cluster 239
----New clusteroid 552 min summ distance 289
Cluster 479
Cluster 859
Cluster 886
Cluster 753
Cluster 619
----New clusteroid 113 min summ distance 1099
Cluster 604
----New clusteroid 701 min summ distance 1077
Cluster 7
Cluster 988
----New clusteroid 75 min summ distance 3064
----New clusteroid 98 min summ distance 3052
Cluster 877
----New clusteroid 907 min summ distance 298
Cluster 612
----New clusteroid 399 min summ distance 2520
Cluster 901
Cluster 33
----New clusteroid 441 min summ distance 2698
Cluster 379
Cluster 959
----New clusteroid 536 min summ distance 3878
Cluster 474
Cluster 92
Cluster 889
Cluster 631
Cluster 610
Cluster 851
Cluster 908
Cluster 547
----New clusteroid 562 min summ distance 758
Cluster 751
Cluster 192
Cluster 602
Cluster 79
Cluster 752
----New clusteroid 201 min summ distance 2381
Cluster 199
----New clusteroid 346 min summ distance 295
Cluster 918
Cluster 731
Cluster 348
Cluster 695
Cluster 102
Cluster 131
----New clusteroid 734 min summ distance 3750
Cluster 136
----New clusteroid 293 min summ distance 1182
----New clusteroid 556 min summ distance 1163
Cluster 672
Cluster 394
----New clusteroid 793 min summ distance 462
Cluster 39
Cluster 806
Cluster 936
----New clusteroid 670 min summ distance 1254
Cluster 662
Cluster 410
Cluster 61
Cluster 243
----New clusteroid 854 min summ distance 583
Cluster 372
----New clusteroid 923 min summ distance 269
Cluster 294
Cluster 497
----New clusteroid 15 min summ distance 2023
----New clusteroid 105 min summ distance 2018
----New clusteroid 338 min summ distance 2012
Cluster 774
Cluster 315
Cluster 850
Cluster 68
Cluster 505
----New clusteroid 133 min summ distance 1302
----New clusteroid 745 min summ distance 1292
Cluster 437
Cluster 629
Cluster 678
Cluster 926
Cluster 639
Cluster 408
----New clusteroid 231 min summ distance 1060
Cluster 241
Cluster 405
Cluster 513
----New clusteroid 37 min summ distance 1689
----New clusteroid 316 min summ distance 1666
----New clusteroid 392 min summ distance 1651
Cluster 835
Cluster 108
Cluster 741
Cluster 635
----New clusteroid 318 min summ distance 798
Cluster 575
Cluster 989
----New clusteroid 686 min summ distance 449
Cluster 722
Cluster 501
Cluster 995
----New clusteroid 368 min summ distance 1384
Cluster 93
----New clusteroid 280 min summ distance 467
Cluster 491
Cluster 879
----New clusteroid 957 min summ distance 303
Cluster 792
----New clusteroid 283 min summ distance 293
Cluster 823
Cluster 230
----New clusteroid 219 min summ distance 5039
Cluster 807
----New clusteroid 472 min summ distance 614
Cluster 542
Cluster 668
Cluster 861
Cluster 353
----New clusteroid 285 min summ distance 302
Cluster 775
----New clusteroid 240 min summ distance 725
Cluster 529
----New clusteroid 0 min summ distance 1197
Cluster 671
----New clusteroid 50 min summ distance 2961
Cluster 864
Cluster 622
Cluster 30
----New clusteroid 335 min summ distance 1669
Old Clusters [914 650 621 100 874 407 221 308 661 658 443 129 239 479 859 886 753 619
 604   7 988 877 612 901  33 379 959 474  92 889 631 610 851 908 547 751
 192 602  79 752 199 918 731 348 695 102 131 136 672 394  39 806 936 662
 410  61 243 372 294 497 774 315 850  68 505 437 629 678 926 639 408 241
 405 513 835 108 741 635 575 989 722 501 995  93 491 879 792 823 230 807
 542 668 861 353 775 529 671 864 622  30]
Clusters [914, 650, 8, 380, 874, 407, 467, 308, 661, 658, 443, 129, 552, 479, 859, 886, 753, 113, 701, 7, 98, 907, 399, 901, 441, 379, 536, 474, 92, 889, 631, 610, 851, 908, 562, 751, 192, 602, 79, 201, 346, 918, 731, 348, 695, 102, 734, 556, 672, 793, 39, 806, 670, 662, 410, 61, 854, 923, 294, 338, 774, 315, 850, 68, 745, 437, 629, 678, 926, 639, 231, 241, 405, 392, 835, 108, 741, 318, 575, 686, 722, 501, 368, 280, 491, 957, 283, 823, 219, 472, 542, 668, 861, 285, 240, 0, 50, 864, 622, 335]
---------
Run 1 Intermidiate clusteroids [914, 650, 8, 380, 874, 407, 467, 308, 661, 658, 443, 129, 552, 479, 859, 886, 753, 113, 701, 7, 98, 907, 399, 901, 441, 379, 536, 474, 92, 889, 631, 610, 851, 908, 562, 751, 192, 602, 79, 201, 346, 918, 731, 348, 695, 102, 734, 556, 672, 793, 39, 806, 670, 662, 410, 61, 854, 923, 294, 338, 774, 315, 850, 68, 745, 437, 629, 678, 926, 639, 231, 241, 405, 392, 835, 108, 741, 318, 575, 686, 722, 501, 368, 280, 491, 957, 283, 823, 219, 472, 542, 668, 861, 285, 240, 0, 50, 864, 622, 335]
Run 1 Intermidiate cluster density [1508.0, 312.0, 2172, 758, 1553.0, 1879.0, 3285, 1094.0, 2296.0, 3277.0, 929.0, 1411.0, 289, 6016.0, 1834.0, 1485.0, 1501.0, 1099, 1077, 776.0, 3052, 298, 2520, 3072.0, 2698, 2180.0, 3878, 1116.0, 5680.0, 1244.0, 126.0, 2874.0, 5062.0, 149.0, 758, 144.0, 1723.0, 940.0, 3426.0, 2381, 295, 318.0, 947.0, 1029.0, 3098.0, 959.0, 3750, 1163, 1701.0, 462, 2392.0, 466.0, 1254, 594.0, 297.0, 1082.0, 583, 269, 4250.0, 2012, 1356.0, 138.0, 2603.0, 1528.0, 1292, 616.0, 308.0, 1660.0, 1193.0, 1419.0, 1060, 1375.0, 144.0, 1651, 584.0, 314.0, 3721.0, 798, 612.0, 449, 769.0, 3128.0, 1384, 467, 3227.0, 303, 293, 2096.0, 5039, 614, 148.0, 121.0, 294.0, 302, 725, 1197, 2961, 115.0, 1416.0, 1669]
---------
Run N 2
Assign clusters - begin
0-0 1-0 2-536 3-854 4-610 5-850 6-701 7-7 8-8 9-50 10-443 11-39 12-734 13-0 14-741 15-338 16-399 17-741 18-741 19-701 20-441 21-129 22-0 23-399 24-0 25-0 26-536 27-98 28-556 29-61 30-335 31-441 32-536 33-441 34-399 35-467 36-0 37-392 38-741 39-39 40-8 41-441 42-39 43-661 44-658 45-219 46-0 47-774 48-0 49-441 50-50 51-79 52-622 53-392 54-338 55-392 56-536 57-441 58-901 59-491 60-8 61-61 62-50 63-392 64-294 65-392 66-658 67-129 68-68 69-50 70-294 71-741 72-0 73-39 74-695 75-98 76-753 77-926 78-92 79-79 80-0 81-835 82-734 83-98 84-201 85-741 86-491 87-678 88-443 89-622 90-192 91-695 92-92 93-318 94-50 95-8 96-556 97-851 98-98 99-610 100-380 101-695 102-102 103-338 104-610 105-338 106-479 107-886 108-108 109-479 110-562 111-722 112-338 113-113 114-467 115-219 116-392 117-219 118-479 119-294 120-701 121-241 122-575 123-294 124-92 125-368 126-0 127-92 128-98 129-129 130-536 131-734 132-61 133-670 134-467 135-68 136-556 137-859 138-92 139-695 140-467 141-98 142-241 143-231 144-562 145-886 146-556 147-556 148-479 149-201 150-8 151-113 152-701 153-479 154-39 155-859 156-0 157-0 158-602 159-392 160-392 161-392 162-392 163-50 164-294 165-50 166-308 167-50 168-734 169-241 170-98 171-823 172-467 173-79 174-610 175-536 176-0 177-192 178-0 179-192 180-241 181-556 182-392 183-851 184-923 185-0 186-283 187-556 188-886 189-901 190-348 191-192 192-192 193-201 194-407 195-957 196-556 197-79 198-79 199-346 200-283 201-201 202-201 203-467 204-734 205-859 206-92 207-556 208-661 209-392 210-556 211-392 212-219 213-98 214-98 215-92 216-914 217-774 218-901 219-219 220-219 221-467 222-889 223-219 224-678 225-68 226-467 227-201 228-467 229-98 230-219 231-231 232-479 233-823 234-479 235-92 236-556 237-68 238-392 239-552 240-240 241-241 242-240 243-854 244-859 245-338 246-753 247-8 248-467 249-467 250-441 251-441 252-472 253-851 254-854 255-399 256-536 257-610 258-113 259-399 260-399 261-399 262-536 263-734 264-629 265-661 266-338 267-79 268-0 269-479 270-61 271-622 272-338 273-658 274-399 275-854 276-318 277-556 278-39 279-392 280-280 281-467 282-50 283-283 284-219 285-285 286-501 287-98 288-670 289-695 290-901 291-734 292-219 293-556 294-294 295-479 296-479 297-851 298-368 299-219 300-219 301-479 302-392 303-774 304-536 305-556 306-745 307-602 308-308 309-129 310-536 311-219 312-907 313-501 314-741 315-315 316-392 317-556 318-318 319-231 320-491 321-219 322-241 323-901 324-907 325-467 326-467 327-753 328-823 329-392 330-479 331-479 332-201 333-874 334-0 335-335 336-622 337-467 338-338 339-536 340-610 341-658 342-0 343-0 344-741 345-50 346-346 347-479 348-348 349-774 350-219 351-379 352-407 353-241 354-556 355-575 356-129 357-8 358-701 359-610 360-39 361-102 362-562 363-552 364-501 365-219 366-701 367-294 368-368 369-658 370-335 371-348 372-923 373-0 374-399 375-338 376-851 377-407 378-622 379-379 380-380 381-695 382-201 383-886 384-610 385-219 386-98 387-823 388-556 389-467 390-753 391-851 392-392 393-338 394-283 395-79 396-734 397-741 398-479 399-399 400-379 401-467 402-338 403-102 404-701 405-405 406-859 407-407 408-231 409-50 410-410 411-901 412-240 413-501 414-753 415-0 416-338 417-39 418-399 419-701 420-686 421-399 422-536 423-0 424-441 425-556 426-98 427-7 428-536 429-536 430-741 431-556 432-658 433-338 434-318 435-889 436-859 437-437 438-850 439-379 440-851 441-441 442-392 443-443 444-610 445-285 446-92 447-741 448-39 449-294 450-399 451-50 452-308 453-491 454-392 455-39 456-501 457-823 458-479 459-98 460-98 461-859 462-79 463-92 464-467 465-734 466-98 467-467 468-907 469-556 470-741 471-392 472-472 473-219 474-474 475-672 476-918 477-467 478-670 479-479 480-241 481-79 482-368 483-474 484-610 485-201 486-854 487-407 488-629 489-479 490-741 491-491 492-556 493-368 494-670 495-0 496-61 497-338 498-701 499-793 500-219 501-501 502-467 503-98 504-79 505-745 506-392 507-472 508-874 509-98 510-338 511-392 512-368 513-392 514-201 515-850 516-392 517-294 518-348 519-851 520-662 521-823 522-479 523-192 524-479 525-441 526-901 527-854 528-753 529-0 530-474 531-8 532-851 533-129 534-399 535-294 536-536 537-39 538-8 539-441 540-850 541-658 542-542 543-658 544-98 545-850 546-437 547-859 548-0 549-392 550-392 551-98 552-552 553-678 554-926 555-536 556-556 557-92 558-92 559-479 560-283 561-678 562-562 563-392 564-231 565-335 566-441 567-98 568-392 569-392 570-536 571-92 572-556 573-219 574-392 575-575 576-851 577-392 578-491 579-219 580-854 581-854 582-823 583-0 584-7 585-338 586-441 587-851 588-467 589-622 590-441 591-407 592-441 593-335 594-231 595-0 596-39 597-338 598-348 599-874 600-602 601-102 602-602 603-731 604-701 605-741 606-8 607-338 608-622 609-610 610-610 611-441 612-399 613-0 614-338 615-0 616-335 617-701 618-629 619-113 620-50 621-8 622-622 623-472 624-335 625-399 626-437 627-467 628-338 629-629 630-734 631-631 632-68 633-467 634-467 635-318 636-672 637-441 638-8 639-639 640-102 641-536 642-658 643-536 644-823 645-441 646-294 647-741 648-0 649-661 650-650 651-556 652-722 653-379 654-661 655-734 656-661 657-441 658-658 659-670 660-219 661-661 662-662 663-0 664-854 665-851 666-129 667-745 668-668 669-850 670-670 671-50 672-672 673-661 674-901 675-50 676-851 677-886 678-678 679-392 680-467 681-556 682-491 683-661 684-368 685-889 686-686 687-392 688-851 689-368 690-556 691-399 692-793 693-926 694-392 695-695 696-443 697-886 698-661 699-467 700-774 701-701 702-0 703-308 704-695 705-886 706-192 707-602 708-407 709-850 710-192 711-886 712-201 713-854 714-392 715-672 716-219 717-441 718-467 719-68 720-92 721-201 722-722 723-467 724-294 725-0 726-467 727-201 728-901 729-441 730-399 731-731 732-859 733-556 734-734 735-914 736-701 737-472 738-734 739-392 740-741 741-741 742-79 743-741 744-536 745-745 746-368 747-602 748-734 749-8 750-501 751-751 752-201 753-753 754-501 755-335 756-479 757-662 758-774 759-380 760-501 761-854 762-874 763-701 764-491 765-241 766-192 767-368 768-98 769-201 770-108 771-854 772-79 773-219 774-774 775-240 776-92 777-92 778-850 779-50 780-467 781-479 782-79 783-192 784-192 785-219 786-745 787-467 788-854 789-8 790-467 791-318 792-283 793-793 794-556 795-734 796-219 797-835 798-556 799-491 800-536 801-670 802-662 803-294 804-874 805-50 806-806 807-472 808-98 809-678 810-536 811-368 812-50 813-701 814-501 815-745 816-479 817-479 818-479 819-0 820-556 821-201 822-294 823-823 824-501 825-501 826-407 827-741 828-753 829-407 830-0 831-859 832-850 833-741 834-501 835-835 836-859 837-793 838-851 839-399 840-556 841-348 842-437 843-536 844-240 845-850 846-467 847-368 848-722 849-556 850-850 851-851 852-731 853-734 854-854 855-854 856-335 857-741 858-501 859-859 860-294 861-861 862-556 863-914 864-864 865-0 866-678 867-472 868-479 869-889 870-734 871-907 872-923 873-8 874-874 875-380 876-850 877-907 878-92 879-957 880-670 881-901 882-695 883-835 884-294 885-348 886-886 887-467 888-467 889-889 890-926 891-467 892-379 893-379 894-957 895-407 896-734 897-348 898-556 899-610 900-658 901-901 902-874 903-308 904-79 905-467 906-92 907-907 908-908 909-701 910-241 911-850 912-467 913-556 914-914 915-467 916-536 917-392 918-918 919-889 920-241 921-610 922-192 923-923 924-467 925-823 926-926 927-294 928-467 929-907 930-201 931-308 932-670 933-479 934-741 935-851 936-670 937-308 938-392 939-914 940-501 941-901 942-231 943-92 944-556 945-854 946-201 947-467 948-501 949-957 950-467 951-491 952-874 953-823 954-753 955-92 956-536 957-957 958-734 959-536 960-79 961-501 962-907 963-92 964-734 965-741 966-695 967-556 968-102 969-479 970-39 971-392 972-491 973-219 974-467 975-610 976-695 977-98 978-850 979-479 980-701 981-823 982-901 983-556 984-741 985-741 986-753 987-923 988-98 989-686 990-670 991-501 992-219 993-98 994-734 995-219 996-467 997-392 998-926 999-308
Assign clusters - end
---------
Clusters [914, 650, 8, 380, 874, 407, 467, 308, 661, 658, 443, 129, 552, 479, 859, 886, 753, 113, 701, 7, 98, 907, 399, 901, 441, 379, 536, 474, 92, 889, 631, 610, 851, 908, 562, 751, 192, 602, 79, 201, 346, 918, 731, 348, 695, 102, 734, 556, 672, 793, 39, 806, 670, 662, 410, 61, 854, 923, 294, 338, 774, 315, 850, 68, 745, 437, 629, 678, 926, 639, 231, 241, 405, 392, 835, 108, 741, 318, 575, 686, 722, 501, 368, 280, 491, 957, 283, 823, 219, 472, 542, 668, 861, 285, 240, 0, 50, 864, 622, 335]
Cluster 914
Cluster 650
Cluster 8
Cluster 380
Cluster 874
Cluster 407
Cluster 467
Cluster 308
----New clusteroid 703 min summ distance 1248
Cluster 661
Cluster 658
Cluster 443
----New clusteroid 88 min summ distance 593
Cluster 129
----New clusteroid 67 min summ distance 1071
Cluster 552
Cluster 479
Cluster 859
Cluster 886
Cluster 753
Cluster 113
Cluster 701
Cluster 7
Cluster 98
Cluster 907
Cluster 399
Cluster 901
Cluster 441
Cluster 379
Cluster 536
Cluster 474
Cluster 92
Cluster 889
Cluster 631
Cluster 610
Cluster 851
Cluster 908
Cluster 562
Cluster 751
Cluster 192
Cluster 602
Cluster 79
Cluster 201
Cluster 346
Cluster 918
Cluster 731
Cluster 348
Cluster 695
----New clusteroid 966 min summ distance 1681
Cluster 102
Cluster 734
Cluster 556
Cluster 672
Cluster 793
----New clusteroid 837 min summ distance 604
Cluster 39
Cluster 806
Cluster 670
Cluster 662
Cluster 410
Cluster 61
Cluster 854
Cluster 923
Cluster 294
Cluster 338
Cluster 774
Cluster 315
Cluster 850
Cluster 68
Cluster 745
Cluster 437
Cluster 629
Cluster 678
Cluster 926
Cluster 639
Cluster 231
----New clusteroid 319 min summ distance 1026
Cluster 241
Cluster 405
Cluster 392
Cluster 835
Cluster 108
Cluster 741
----New clusteroid 17 min summ distance 4047
Cluster 318
----New clusteroid 791 min summ distance 951
Cluster 575
Cluster 686
Cluster 722
----New clusteroid 111 min summ distance 612
Cluster 501
Cluster 368
----New clusteroid 493 min summ distance 1829
Cluster 280
Cluster 491
Cluster 957
Cluster 283
----New clusteroid 186 min summ distance 915
Cluster 823
Cluster 219
Cluster 472
Cluster 542
Cluster 668
Cluster 861
Cluster 285
----New clusteroid 445 min summ distance 291
Cluster 240
Cluster 0
Cluster 50
Cluster 864
Cluster 622
Cluster 335
Old Clusters [914 650   8 380 874 407 467 308 661 658 443 129 552 479 859 886 753 113
 701   7  98 907 399 901 441 379 536 474  92 889 631 610 851 908 562 751
 192 602  79 201 346 918 731 348 695 102 734 556 672 793  39 806 670 662
 410  61 854 923 294 338 774 315 850  68 745 437 629 678 926 639 231 241
 405 392 835 108 741 318 575 686 722 501 368 280 491 957 283 823 219 472
 542 668 861 285 240   0  50 864 622 335]
Clusters [914, 650, 8, 380, 874, 407, 467, 703, 661, 658, 88, 67, 552, 479, 859, 886, 753, 113, 701, 7, 98, 907, 399, 901, 441, 379, 536, 474, 92, 889, 631, 610, 851, 908, 562, 751, 192, 602, 79, 201, 346, 918, 731, 348, 966, 102, 734, 556, 672, 837, 39, 806, 670, 662, 410, 61, 854, 923, 294, 338, 774, 315, 850, 68, 745, 437, 629, 678, 926, 639, 319, 241, 405, 392, 835, 108, 17, 791, 575, 686, 111, 501, 493, 280, 491, 957, 186, 823, 219, 472, 542, 668, 861, 445, 240, 0, 50, 864, 622, 335]
---------
Run 2 Intermidiate clusteroids [914, 650, 8, 380, 874, 407, 467, 703, 661, 658, 88, 67, 552, 479, 859, 886, 753, 113, 701, 7, 98, 907, 399, 901, 441, 379, 536, 474, 92, 889, 631, 610, 851, 908, 562, 751, 192, 602, 79, 201, 346, 918, 731, 348, 966, 102, 734, 556, 672, 837, 39, 806, 670, 662, 410, 61, 854, 923, 294, 338, 774, 315, 850, 68, 745, 437, 629, 678, 926, 639, 319, 241, 405, 392, 835, 108, 17, 791, 575, 686, 111, 501, 493, 280, 491, 957, 186, 823, 219, 472, 542, 668, 861, 445, 240, 0, 50, 864, 622, 335]
Run 2 Intermidiate cluster density [731.0, 149.0, 2327.0, 588.0, 1227.0, 1571.0, 7192.0, 1248, 1506.0, 1699.0, 593, 1071, 446.0, 4590.0, 1843.0, 1332.0, 1501.0, 598.0, 2654.0, 457.0, 3980.0, 1243.0, 2965.0, 1971.0, 3478.0, 1071.0, 4205.0, 469.0, 3189.0, 929.0, 126.0, 2389.0, 2689.0, 149.0, 578.0, 144.0, 1723.0, 940.0, 2194.0, 2523.0, 295.0, 318.0, 468.0, 1191.0, 1681, 959.0, 3266.0, 5832.0, 586.0, 604, 2069.0, 145.0, 1735.0, 594.0, 136.0, 766.0, 2409.0, 738.0, 2650.0, 3267.0, 1049.0, 138.0, 2113.0, 889.0, 957.0, 616.0, 629.0, 1044.0, 884.0, 150.0, 1026, 1688.0, 144.0, 6392.0, 584.0, 314.0, 4047, 951, 449.0, 449.0, 612, 2666.0, 1829, 140.0, 1667.0, 773.0, 915, 1935.0, 4409.0, 1092.0, 148.0, 121.0, 137.0, 291, 715.0, 5794.0, 2595.0, 115.0, 1259.0, 1329.0]
---------
Run N 3
Assign clusters - begin
0-0 1-0 2-536 3-854 4-610 5-850 6-701 7-7 8-8 9-50 10-88 11-39 12-734 13-0 14-17 15-338 16-399 17-17 18-17 19-701 20-441 21-67 22-0 23-399 24-0 25-0 26-536 27-98 28-67 29-61 30-335 31-441 32-536 33-441 34-399 35-467 36-0 37-392 38-17 39-39 40-8 41-441 42-39 43-88 44-658 45-219 46-0 47-774 48-0 49-441 50-50 51-79 52-622 53-392 54-338 55-392 56-536 57-441 58-901 59-491 60-8 61-61 62-50 63-392 64-294 65-392 66-658 67-67 68-68 69-50 70-294 71-17 72-966 73-39 74-966 75-98 76-753 77-926 78-92 79-79 80-0 81-67 82-734 83-98 84-201 85-17 86-493 87-678 88-88 89-622 90-192 91-966 92-92 93-791 94-50 95-8 96-556 97-966 98-98 99-610 100-380 101-966 102-102 103-338 104-610 105-338 106-479 107-886 108-108 109-479 110-562 111-111 112-338 113-113 114-467 115-219 116-392 117-219 118-479 119-67 120-701 121-241 122-575 123-294 124-92 125-493 126-186 127-92 128-98 129-67 130-536 131-186 132-61 133-670 134-467 135-68 136-556 137-859 138-92 139-734 140-467 141-98 142-241 143-319 144-562 145-886 146-88 147-88 148-479 149-201 150-8 151-113 152-701 153-479 154-39 155-319 156-0 157-0 158-602 159-392 160-392 161-392 162-392 163-50 164-294 165-50 166-703 167-50 168-734 169-445 170-98 171-823 172-467 173-79 174-610 175-536 176-703 177-192 178-703 179-192 180-241 181-556 182-392 183-703 184-923 185-0 186-186 187-556 188-886 189-901 190-348 191-192 192-192 193-201 194-407 195-957 196-556 197-79 198-79 199-346 200-837 201-201 202-201 203-467 204-734 205-859 206-92 207-556 208-661 209-392 210-556 211-392 212-219 213-98 214-98 215-92 216-914 217-774 218-901 219-219 220-219 221-467 222-889 223-219 224-678 225-68 226-467 227-201 228-467 229-98 230-219 231-319 232-479 233-823 234-479 235-92 236-556 237-68 238-392 239-552 240-240 241-241 242-240 243-854 244-859 245-338 246-753 247-8 248-467 249-467 250-441 251-441 252-472 253-851 254-854 255-399 256-536 257-610 258-113 259-399 260-399 261-399 262-536 263-734 264-629 265-661 266-338 267-79 268-0 269-479 270-61 271-622 272-338 273-658 274-399 275-854 276-791 277-556 278-39 279-392 280-280 281-467 282-50 283-186 284-493 285-445 286-501 287-98 288-670 289-966 290-901 291-734 292-219 293-556 294-294 295-479 296-479 297-851 298-474 299-219 300-219 301-479 302-392 303-774 304-536 305-556 306-745 307-602 308-703 309-923 310-536 311-219 312-907 313-501 314-17 315-315 316-392 317-556 318-791 319-319 320-493 321-219 322-241 323-901 324-907 325-467 326-467 327-88 328-823 329-392 330-479 331-479 332-201 333-837 334-0 335-335 336-622 337-467 338-338 339-536 340-610 341-658 342-0 343-966 344-17 345-50 346-346 347-479 348-348 349-774 350-219 351-379 352-407 353-241 354-556 355-575 356-67 357-8 358-701 359-610 360-39 361-102 362-562 363-552 364-501 365-219 366-701 367-294 368-493 369-658 370-335 371-348 372-923 373-0 374-399 375-338 376-851 377-407 378-622 379-379 380-380 381-410 382-201 383-886 384-610 385-219 386-98 387-823 388-88 389-467 390-753 391-851 392-392 393-338 394-837 395-79 396-734 397-17 398-479 399-399 400-379 401-467 402-338 403-102 404-701 405-405 406-859 407-407 408-319 409-50 410-410 411-901 412-67 413-501 414-753 415-0 416-338 417-39 418-399 419-701 420-686 421-399 422-536 423-0 424-441 425-67 426-98 427-7 428-536 429-536 430-17 431-556 432-658 433-338 434-745 435-889 436-859 437-437 438-850 439-379 440-851 441-441 442-392 443-88 444-610 445-445 446-92 447-17 448-39 449-294 450-399 451-50 452-467 453-493 454-392 455-39 456-501 457-823 458-479 459-98 460-98 461-859 462-79 463-92 464-467 465-966 466-98 467-467 468-907 469-556 470-918 471-392 472-472 473-219 474-474 475-672 476-918 477-467 478-670 479-479 480-241 481-79 482-493 483-474 484-610 485-201 486-319 487-407 488-629 489-479 490-17 491-491 492-556 493-493 494-670 495-0 496-61 497-338 498-701 499-851 500-219 501-501 502-467 503-98 504-79 505-745 506-392 507-472 508-874 509-98 510-338 511-392 512-493 513-392 514-201 515-850 516-392 517-294 518-348 519-851 520-662 521-823 522-479 523-192 524-479 525-441 526-901 527-854 528-753 529-0 530-474 531-8 532-851 533-556 534-399 535-67 536-536 537-39 538-8 539-441 540-850 541-658 542-542 543-658 544-98 545-850 546-437 547-859 548-0 549-392 550-392 551-98 552-552 553-678 554-926 555-536 556-556 557-92 558-92 559-479 560-734 561-678 562-562 563-392 564-319 565-335 566-493 567-98 568-392 569-392 570-536 571-92 572-556 573-219 574-392 575-575 576-851 577-392 578-493 579-219 580-854 581-854 582-823 583-0 584-7 585-338 586-441 587-851 588-467 589-622 590-441 591-407 592-441 593-335 594-319 595-0 596-39 597-338 598-67 599-874 600-602 601-102 602-602 603-731 604-701 605-17 606-8 607-338 608-622 609-610 610-610 611-441 612-399 613-0 614-338 615-0 616-335 617-701 618-629 619-493 620-50 621-8 622-622 623-472 624-335 625-399 626-437 627-467 628-338 629-629 630-734 631-631 632-68 633-467 634-467 635-745 636-672 637-441 638-8 639-639 640-102 641-536 642-658 643-536 644-823 645-441 646-294 647-17 648-0 649-661 650-650 651-556 652-17 653-379 654-661 655-734 656-661 657-441 658-658 659-670 660-493 661-661 662-662 663-0 664-854 665-851 666-753 667-745 668-668 669-850 670-670 671-50 672-672 673-661 674-901 675-50 676-851 677-886 678-678 679-392 680-467 681-556 682-493 683-661 684-493 685-889 686-686 687-392 688-851 689-493 690-556 691-399 692-837 693-926 694-392 695-966 696-575 697-886 698-661 699-467 700-774 701-701 702-186 703-703 704-966 705-886 706-192 707-602 708-407 709-850 710-192 711-886 712-201 713-854 714-392 715-672 716-219 717-441 718-467 719-88 720-92 721-201 722-111 723-467 724-294 725-0 726-467 727-201 728-901 729-441 730-399 731-731 732-859 733-556 734-734 735-914 736-701 737-837 738-734 739-392 740-17 741-17 742-79 743-17 744-536 745-745 746-493 747-602 748-734 749-8 750-501 751-751 752-201 753-753 754-501 755-335 756-479 757-662 758-774 759-380 760-501 761-854 762-874 763-701 764-491 765-241 766-192 767-493 768-98 769-201 770-108 771-854 772-79 773-219 774-774 775-240 776-703 777-92 778-850 779-50 780-467 781-479 782-79 783-192 784-192 785-493 786-745 787-467 788-854 789-8 790-467 791-791 792-186 793-837 794-556 795-734 796-219 797-835 798-556 799-491 800-536 801-17 802-662 803-294 804-837 805-50 806-806 807-493 808-98 809-678 810-536 811-493 812-50 813-701 814-501 815-745 816-479 817-479 818-479 819-0 820-556 821-201 822-294 823-823 824-501 825-501 826-407 827-17 828-753 829-407 830-0 831-859 832-850 833-17 834-501 835-835 836-859 837-837 838-851 839-399 840-556 841-348 842-437 843-536 844-67 845-850 846-703 847-493 848-111 849-556 850-850 851-851 852-731 853-734 854-854 855-854 856-335 857-17 858-501 859-859 860-294 861-861 862-556 863-914 864-864 865-0 866-678 867-472 868-479 869-889 870-734 871-907 872-923 873-8 874-874 875-67 876-850 877-907 878-92 879-957 880-670 881-901 882-966 883-835 884-294 885-348 886-886 887-467 888-966 889-889 890-926 891-467 892-379 893-186 894-957 895-407 896-734 897-348 898-556 899-610 900-658 901-901 902-874 903-92 904-79 905-467 906-92 907-907 908-908 909-701 910-241 911-850 912-467 913-556 914-914 915-467 916-536 917-392 918-918 919-889 920-241 921-111 922-192 923-923 924-445 925-823 926-926 927-294 928-467 929-907 930-201 931-467 932-670 933-479 934-17 935-851 936-670 937-703 938-837 939-914 940-186 941-901 942-319 943-92 944-556 945-854 946-201 947-467 948-501 949-837 950-467 951-491 952-186 953-823 954-67 955-92 956-536 957-957 958-734 959-536 960-79 961-501 962-907 963-92 964-734 965-17 966-966 967-556 968-102 969-479 970-39 971-392 972-491 973-219 974-467 975-610 976-966 977-98 978-850 979-479 980-701 981-823 982-901 983-556 984-338 985-17 986-753 987-923 988-98 989-686 990-17 991-501 992-219 993-98 994-734 995-219 996-467 997-392 998-926 999-703
Assign clusters - end
---------
Clusters [914, 650, 8, 380, 874, 407, 467, 703, 661, 658, 88, 67, 552, 479, 859, 886, 753, 113, 701, 7, 98, 907, 399, 901, 441, 379, 536, 474, 92, 889, 631, 610, 851, 908, 562, 751, 192, 602, 79, 201, 346, 918, 731, 348, 966, 102, 734, 556, 672, 837, 39, 806, 670, 662, 410, 61, 854, 923, 294, 338, 774, 315, 850, 68, 745, 437, 629, 678, 926, 639, 319, 241, 405, 392, 835, 108, 17, 791, 575, 686, 111, 501, 493, 280, 491, 957, 186, 823, 219, 472, 542, 668, 861, 445, 240, 0, 50, 864, 622, 335]
Cluster 914
Cluster 650
Cluster 8
Cluster 380
----New clusteroid 759 min summ distance 426
Cluster 874
Cluster 407
Cluster 467
Cluster 703
Cluster 661
Cluster 658
Cluster 88
----New clusteroid 43 min summ distance 1341
Cluster 67
Cluster 552
Cluster 479
Cluster 859
Cluster 886
Cluster 753
Cluster 113
Cluster 701
Cluster 7
Cluster 98
Cluster 907
Cluster 399
Cluster 901
Cluster 441
Cluster 379
----New clusteroid 400 min summ distance 911
Cluster 536
Cluster 474
Cluster 92
Cluster 889
Cluster 631
Cluster 610
Cluster 851
Cluster 908
Cluster 562
Cluster 751
Cluster 192
Cluster 602
Cluster 79
Cluster 201
Cluster 346
Cluster 918
Cluster 731
Cluster 348
Cluster 966
Cluster 102
Cluster 734
Cluster 556
Cluster 672
Cluster 837
Cluster 39
Cluster 806
Cluster 670
Cluster 662
Cluster 410
Cluster 61
Cluster 854
Cluster 923
Cluster 294
Cluster 338
Cluster 774
Cluster 315
Cluster 850
Cluster 68
Cluster 745
Cluster 437
Cluster 629
Cluster 678
Cluster 926
Cluster 639
Cluster 319
Cluster 241
Cluster 405
Cluster 392
Cluster 835
Cluster 108
Cluster 17
----New clusteroid 801 min summ distance 4202
Cluster 791
Cluster 575
Cluster 686
Cluster 111
Cluster 501
Cluster 493
Cluster 280
Cluster 491
Cluster 957
Cluster 186
Cluster 823
Cluster 219
Cluster 472
Cluster 542
Cluster 668
Cluster 861
Cluster 445
Cluster 240
Cluster 0
Cluster 50
Cluster 864
Cluster 622
Cluster 335
Old Clusters [914 650   8 380 874 407 467 703 661 658  88  67 552 479 859 886 753 113
 701   7  98 907 399 901 441 379 536 474  92 889 631 610 851 908 562 751
 192 602  79 201 346 918 731 348 966 102 734 556 672 837  39 806 670 662
 410  61 854 923 294 338 774 315 850  68 745 437 629 678 926 639 319 241
 405 392 835 108  17 791 575 686 111 501 493 280 491 957 186 823 219 472
 542 668 861 445 240   0  50 864 622 335]
Clusters [914, 650, 8, 759, 874, 407, 467, 703, 661, 658, 43, 67, 552, 479, 859, 886, 753, 113, 701, 7, 98, 907, 399, 901, 441, 400, 536, 474, 92, 889, 631, 610, 851, 908, 562, 751, 192, 602, 79, 201, 346, 918, 731, 348, 966, 102, 734, 556, 672, 837, 39, 806, 670, 662, 410, 61, 854, 923, 294, 338, 774, 315, 850, 68, 745, 437, 629, 678, 926, 639, 319, 241, 405, 392, 835, 108, 801, 791, 575, 686, 111, 501, 493, 280, 491, 957, 186, 823, 219, 472, 542, 668, 861, 445, 240, 0, 50, 864, 622, 335]
---------
Run 3 Intermidiate clusteroids [914, 650, 8, 759, 874, 407, 467, 703, 661, 658, 43, 67, 552, 479, 859, 886, 753, 113, 701, 7, 98, 907, 399, 901, 441, 400, 536, 474, 92, 889, 631, 610, 851, 908, 562, 751, 192, 602, 79, 201, 346, 918, 731, 348, 966, 102, 734, 556, 672, 837, 39, 806, 670, 662, 410, 61, 854, 923, 294, 338, 774, 315, 850, 68, 745, 437, 629, 678, 926, 639, 319, 241, 405, 392, 835, 108, 801, 791, 575, 686, 111, 501, 493, 280, 491, 957, 186, 823, 219, 472, 542, 668, 861, 445, 240, 0, 50, 864, 622, 335]
Run 3 Intermidiate cluster density [731.0, 149.0, 2327.0, 426, 757.0, 1571.0, 7042.0, 1551.0, 1348.0, 1699.0, 1341, 2147.0, 446.0, 4590.0, 1682.0, 1332.0, 1351.0, 439.0, 2654.0, 457.0, 3980.0, 1243.0, 2965.0, 1971.0, 3320.0, 911, 4205.0, 632.0, 3183.0, 929.0, 126.0, 2229.0, 2545.0, 149.0, 578.0, 144.0, 1723.0, 940.0, 2194.0, 2523.0, 295.0, 479.0, 468.0, 1029.0, 2130.0, 959.0, 3273.0, 5186.0, 586.0, 1536.0, 2069.0, 145.0, 1413.0, 594.0, 295.0, 766.0, 2255.0, 900.0, 2324.0, 3429.0, 1049.0, 138.0, 2113.0, 729.0, 1283.0, 616.0, 629.0, 1044.0, 884.0, 150.0, 1338.0, 1535.0, 144.0, 6234.0, 422.0, 314.0, 4202, 625.0, 608.0, 449.0, 608.0, 2516.0, 3359.0, 140.0, 895.0, 614.0, 1333.0, 1935.0, 3954.0, 777.0, 148.0, 121.0, 137.0, 598.0, 408.0, 4863.0, 2595.0, 115.0, 1259.0, 1329.0]
---------
Run N 4
Assign clusters - begin
0-0 1-0 2-536 3-854 4-610 5-850 6-701 7-7 8-8 9-50 10-43 11-39 12-734 13-0 14-801 15-338 16-399 17-801 18-801 19-701 20-441 21-67 22-0 23-399 24-0 25-0 26-536 27-98 28-67 29-61 30-335 31-441 32-536 33-441 34-399 35-467 36-0 37-392 38-801 39-39 40-8 41-441 42-39 43-43 44-658 45-219 46-0 47-774 48-0 49-441 50-50 51-79 52-622 53-392 54-338 55-392 56-536 57-441 58-901 59-491 60-8 61-61 62-50 63-392 64-759 65-392 66-658 67-67 68-68 69-50 70-294 71-801 72-966 73-39 74-966 75-98 76-753 77-926 78-92 79-79 80-0 81-67 82-734 83-98 84-201 85-801 86-493 87-678 88-43 89-622 90-192 91-966 92-92 93-791 94-50 95-8 96-556 97-966 98-98 99-610 100-294 101-966 102-102 103-338 104-610 105-338 106-479 107-886 108-108 109-479 110-562 111-111 112-338 113-113 114-467 115-219 116-392 117-219 118-479 119-67 120-701 121-241 122-575 123-294 124-92 125-493 126-186 127-92 128-98 129-67 130-536 131-186 132-61 133-670 134-467 135-68 136-556 137-859 138-92 139-734 140-467 141-98 142-241 143-319 144-562 145-886 146-43 147-43 148-479 149-201 150-8 151-113 152-701 153-479 154-39 155-319 156-0 157-0 158-602 159-392 160-392 161-392 162-392 163-50 164-759 165-50 166-703 167-50 168-734 169-445 170-98 171-823 172-467 173-79 174-610 175-536 176-703 177-192 178-703 179-192 180-241 181-556 182-392 183-703 184-923 185-0 186-186 187-556 188-886 189-901 190-348 191-192 192-192 193-201 194-407 195-957 196-556 197-79 198-79 199-346 200-837 201-201 202-201 203-467 204-734 205-859 206-92 207-556 208-661 209-392 210-556 211-392 212-219 213-98 214-98 215-92 216-914 217-774 218-901 219-219 220-219 221-467 222-889 223-219 224-678 225-68 226-467 227-201 228-467 229-98 230-219 231-319 232-479 233-823 234-479 235-92 236-556 237-68 238-392 239-552 240-240 241-241 242-240 243-854 244-859 245-338 246-753 247-8 248-467 249-467 250-441 251-441 252-472 253-851 254-854 255-399 256-536 257-610 258-113 259-399 260-399 261-399 262-536 263-734 264-629 265-661 266-338 267-79 268-0 269-479 270-61 271-622 272-338 273-658 274-399 275-43 276-791 277-556 278-39 279-392 280-280 281-467 282-50 283-186 284-493 285-445 286-501 287-98 288-670 289-966 290-901 291-734 292-219 293-556 294-294 295-479 296-479 297-851 298-474 299-219 300-219 301-479 302-392 303-774 304-536 305-556 306-745 307-602 308-703 309-923 310-536 311-219 312-907 313-501 314-801 315-315 316-392 317-556 318-791 319-319 320-493 321-219 322-241 323-901 324-907 325-467 326-467 327-43 328-823 329-392 330-479 331-479 332-201 333-837 334-0 335-335 336-622 337-467 338-338 339-536 340-610 341-658 342-0 343-966 344-801 345-50 346-346 347-479 348-348 349-774 350-219 351-92 352-407 353-241 354-556 355-575 356-67 357-8 358-701 359-610 360-39 361-102 362-562 363-552 364-501 365-219 366-701 367-294 368-493 369-658 370-335 371-348 372-923 373-0 374-399 375-338 376-851 377-407 378-622 379-399 380-294 381-410 382-201 383-886 384-610 385-219 386-98 387-823 388-43 389-467 390-753 391-851 392-392 393-338 394-837 395-79 396-734 397-801 398-479 399-399 400-400 401-467 402-338 403-102 404-701 405-405 406-859 407-407 408-319 409-50 410-410 411-901 412-67 413-501 414-753 415-0 416-338 417-39 418-399 419-701 420-43 421-399 422-536 423-0 424-441 425-67 426-98 427-7 428-536 429-536 430-801 431-556 432-658 433-338 434-745 435-889 436-859 437-437 438-850 439-400 440-851 441-441 442-392 443-43 444-610 445-445 446-92 447-801 448-39 449-294 450-399 451-50 452-467 453-493 454-392 455-39 456-501 457-823 458-479 459-98 460-98 461-859 462-79 463-92 464-467 465-966 466-98 467-467 468-907 469-556 470-918 471-392 472-472 473-219 474-474 475-672 476-918 477-467 478-801 479-479 480-241 481-79 482-493 483-474 484-610 485-201 486-319 487-407 488-629 489-479 490-801 491-491 492-556 493-493 494-670 495-0 496-61 497-338 498-701 499-851 500-219 501-501 502-467 503-98 504-79 505-745 506-392 507-472 508-874 509-98 510-338 511-392 512-493 513-392 514-201 515-850 516-392 517-294 518-348 519-851 520-662 521-823 522-479 523-192 524-479 525-441 526-901 527-854 528-753 529-0 530-474 531-8 532-851 533-556 534-399 535-67 536-536 537-39 538-8 539-441 540-850 541-658 542-542 543-658 544-98 545-850 546-437 547-859 548-0 549-392 550-392 551-98 552-552 553-678 554-926 555-536 556-556 557-92 558-92 559-479 560-734 561-678 562-562 563-392 564-319 565-335 566-493 567-98 568-392 569-392 570-536 571-92 572-556 573-219 574-392 575-575 576-851 577-392 578-493 579-219 580-854 581-854 582-823 583-0 584-7 585-338 586-441 587-851 588-467 589-622 590-441 591-407 592-441 593-335 594-319 595-0 596-39 597-338 598-67 599-874 600-602 601-102 602-602 603-731 604-701 605-801 606-8 607-338 608-622 609-610 610-610 611-441 612-399 613-0 614-338 615-0 616-335 617-701 618-629 619-493 620-50 621-8 622-622 623-472 624-335 625-399 626-437 627-467 628-338 629-629 630-734 631-631 632-68 633-467 634-467 635-745 636-672 637-441 638-8 639-639 640-102 641-536 642-658 643-536 644-823 645-441 646-294 647-801 648-0 649-43 650-650 651-556 652-801 653-400 654-661 655-734 656-661 657-441 658-658 659-670 660-493 661-661 662-662 663-0 664-854 665-851 666-43 667-745 668-668 669-850 670-670 671-50 672-672 673-661 674-901 675-50 676-851 677-886 678-678 679-392 680-467 681-556 682-493 683-661 684-493 685-889 686-686 687-392 688-851 689-493 690-556 691-399 692-837 693-926 694-392 695-966 696-575 697-886 698-661 699-467 700-774 701-701 702-186 703-703 704-966 705-886 706-192 707-602 708-407 709-850 710-192 711-886 712-201 713-854 714-392 715-672 716-219 717-441 718-467 719-43 720-92 721-201 722-111 723-467 724-294 725-0 726-467 727-201 728-901 729-441 730-399 731-731 732-859 733-556 734-734 735-914 736-701 737-837 738-734 739-392 740-801 741-801 742-79 743-801 744-536 745-745 746-493 747-602 748-734 749-8 750-501 751-751 752-201 753-753 754-501 755-335 756-479 757-662 758-774 759-759 760-501 761-854 762-874 763-701 764-491 765-241 766-192 767-493 768-98 769-201 770-108 771-854 772-79 773-219 774-774 775-240 776-703 777-92 778-850 779-50 780-467 781-479 782-79 783-192 784-192 785-493 786-745 787-467 788-854 789-8 790-467 791-791 792-186 793-837 794-556 795-734 796-219 797-835 798-556 799-491 800-536 801-801 802-662 803-294 804-837 805-50 806-806 807-493 808-98 809-678 810-536 811-493 812-50 813-701 814-501 815-745 816-479 817-479 818-479 819-0 820-556 821-201 822-294 823-823 824-501 825-501 826-407 827-801 828-753 829-407 830-0 831-859 832-850 833-801 834-501 835-835 836-859 837-837 838-851 839-399 840-556 841-348 842-437 843-536 844-67 845-850 846-703 847-493 848-111 849-556 850-850 851-851 852-731 853-734 854-854 855-854 856-335 857-801 858-501 859-859 860-294 861-861 862-556 863-914 864-864 865-0 866-678 867-472 868-479 869-889 870-734 871-907 872-923 873-8 874-874 875-67 876-850 877-907 878-92 879-957 880-670 881-901 882-966 883-835 884-294 885-348 886-886 887-467 888-966 889-889 890-926 891-467 892-399 893-186 894-957 895-407 896-734 897-348 898-556 899-610 900-658 901-901 902-874 903-92 904-79 905-467 906-92 907-907 908-908 909-701 910-241 911-850 912-467 913-556 914-914 915-467 916-536 917-392 918-918 919-889 920-241 921-111 922-192 923-923 924-445 925-823 926-926 927-294 928-467 929-907 930-201 931-467 932-670 933-479 934-801 935-851 936-670 937-703 938-837 939-914 940-186 941-901 942-319 943-92 944-556 945-854 946-201 947-467 948-501 949-837 950-467 951-491 952-186 953-823 954-67 955-92 956-536 957-957 958-734 959-536 960-79 961-501 962-907 963-92 964-734 965-801 966-966 967-556 968-102 969-479 970-39 971-392 972-491 973-219 974-467 975-610 976-966 977-98 978-850 979-479 980-701 981-823 982-901 983-556 984-338 985-801 986-753 987-923 988-98 989-686 990-801 991-501 992-219 993-98 994-734 995-219 996-467 997-392 998-926 999-703
Assign clusters - end
---------
Clusters [914, 650, 8, 759, 874, 407, 467, 703, 661, 658, 43, 67, 552, 479, 859, 886, 753, 113, 701, 7, 98, 907, 399, 901, 441, 400, 536, 474, 92, 889, 631, 610, 851, 908, 562, 751, 192, 602, 79, 201, 346, 918, 731, 348, 966, 102, 734, 556, 672, 837, 39, 806, 670, 662, 410, 61, 854, 923, 294, 338, 774, 315, 850, 68, 745, 437, 629, 678, 926, 639, 319, 241, 405, 392, 835, 108, 801, 791, 575, 686, 111, 501, 493, 280, 491, 957, 186, 823, 219, 472, 542, 668, 861, 445, 240, 0, 50, 864, 622, 335]
Cluster 914
Cluster 650
Cluster 8
Cluster 759
Cluster 874
Cluster 407
Cluster 467
Cluster 703
Cluster 661
Cluster 658
Cluster 43
Cluster 67
Cluster 552
Cluster 479
Cluster 859
Cluster 886
Cluster 753
Cluster 113
Cluster 701
Cluster 7
Cluster 98
Cluster 907
Cluster 399
Cluster 901
Cluster 441
Cluster 400
Cluster 536
Cluster 474
Cluster 92
Cluster 889
Cluster 631
Cluster 610
Cluster 851
Cluster 908
Cluster 562
Cluster 751
Cluster 192
Cluster 602
Cluster 79
Cluster 201
Cluster 346
Cluster 918
Cluster 731
Cluster 348
Cluster 966
Cluster 102
Cluster 734
Cluster 556
Cluster 672
Cluster 837
Cluster 39
Cluster 806
Cluster 670
Cluster 662
Cluster 410
Cluster 61
Cluster 854
Cluster 923
Cluster 294
Cluster 338
Cluster 774
Cluster 315
Cluster 850
Cluster 68
Cluster 745
Cluster 437
Cluster 629
Cluster 678
Cluster 926
Cluster 639
Cluster 319
Cluster 241
Cluster 405
Cluster 392
Cluster 835
Cluster 108
Cluster 801
Cluster 791
Cluster 575
Cluster 686
Cluster 111
Cluster 501
Cluster 493
Cluster 280
Cluster 491
Cluster 957
Cluster 186
Cluster 823
Cluster 219
Cluster 472
Cluster 542
Cluster 668
Cluster 861
Cluster 445
Cluster 240
Cluster 0
Cluster 50
Cluster 864
Cluster 622
Cluster 335
Old Clusters [914 650   8 759 874 407 467 703 661 658  43  67 552 479 859 886 753 113
 701   7  98 907 399 901 441 400 536 474  92 889 631 610 851 908 562 751
 192 602  79 201 346 918 731 348 966 102 734 556 672 837  39 806 670 662
 410  61 854 923 294 338 774 315 850  68 745 437 629 678 926 639 319 241
 405 392 835 108 801 791 575 686 111 501 493 280 491 957 186 823 219 472
 542 668 861 445 240   0  50 864 622 335]
Clusters [914, 650, 8, 759, 874, 407, 467, 703, 661, 658, 43, 67, 552, 479, 859, 886, 753, 113, 701, 7, 98, 907, 399, 901, 441, 400, 536, 474, 92, 889, 631, 610, 851, 908, 562, 751, 192, 602, 79, 201, 346, 918, 731, 348, 966, 102, 734, 556, 672, 837, 39, 806, 670, 662, 410, 61, 854, 923, 294, 338, 774, 315, 850, 68, 745, 437, 629, 678, 926, 639, 319, 241, 405, 392, 835, 108, 801, 791, 575, 686, 111, 501, 493, 280, 491, 957, 186, 823, 219, 472, 542, 668, 861, 445, 240, 0, 50, 864, 622, 335]
---------
Run 4 Intermidiate clusteroids [914, 650, 8, 759, 874, 407, 467, 703, 661, 658, 43, 67, 552, 479, 859, 886, 753, 113, 701, 7, 98, 907, 399, 901, 441, 400, 536, 474, 92, 889, 631, 610, 851, 908, 562, 751, 192, 602, 79, 201, 346, 918, 731, 348, 966, 102, 734, 556, 672, 837, 39, 806, 670, 662, 410, 61, 854, 923, 294, 338, 774, 315, 850, 68, 745, 437, 629, 678, 926, 639, 319, 241, 405, 392, 835, 108, 801, 791, 575, 686, 111, 501, 493, 280, 491, 957, 186, 823, 219, 472, 542, 668, 861, 445, 240, 0, 50, 864, 622, 335]
Run 4 Intermidiate cluster density [731.0, 149.0, 2327.0, 398.0, 757.0, 1571.0, 7042.0, 1551.0, 1183.0, 1699.0, 1973.0, 2147.0, 446.0, 4590.0, 1682.0, 1332.0, 1190.0, 439.0, 2654.0, 457.0, 3980.0, 1243.0, 3273.0, 1971.0, 3320.0, 435.0, 4205.0, 632.0, 3343.0, 929.0, 126.0, 2229.0, 2545.0, 149.0, 578.0, 144.0, 1723.0, 940.0, 2194.0, 2523.0, 295.0, 479.0, 468.0, 1029.0, 2130.0, 959.0, 3273.0, 5186.0, 586.0, 1536.0, 2069.0, 145.0, 1251.0, 594.0, 295.0, 766.0, 2096.0, 900.0, 2313.0, 3429.0, 1049.0, 138.0, 2113.0, 729.0, 1283.0, 616.0, 629.0, 1044.0, 884.0, 150.0, 1338.0, 1535.0, 144.0, 6234.0, 422.0, 314.0, 4363.0, 625.0, 608.0, 283.0, 608.0, 2516.0, 3359.0, 140.0, 895.0, 614.0, 1333.0, 1935.0, 3954.0, 777.0, 148.0, 121.0, 137.0, 598.0, 408.0, 4863.0, 2595.0, 115.0, 1259.0, 1329.0]
Clasterisation - end.
Final clusteroids [914, 650, 8, 759, 874, 407, 467, 703, 661, 658, 43, 67, 552, 479, 859, 886, 753, 113, 701, 7, 98, 907, 399, 901, 441, 400, 536, 474, 92, 889, 631, 610, 851, 908, 562, 751, 192, 602, 79, 201, 346, 918, 731, 348, 966, 102, 734, 556, 672, 837, 39, 806, 670, 662, 410, 61, 854, 923, 294, 338, 774, 315, 850, 68, 745, 437, 629, 678, 926, 639, 319, 241, 405, 392, 835, 108, 801, 791, 575, 686, 111, 501, 493, 280, 491, 957, 186, 823, 219, 472, 542, 668, 861, 445, 240, 0, 50, 864, 622, 335]
Final cluster density [731.0, 149.0, 2327.0, 398.0, 757.0, 1571.0, 7042.0, 1551.0, 1183.0, 1699.0, 1973.0, 2147.0, 446.0, 4590.0, 1682.0, 1332.0, 1190.0, 439.0, 2654.0, 457.0, 3980.0, 1243.0, 3273.0, 1971.0, 3320.0, 435.0, 4205.0, 632.0, 3343.0, 929.0, 126.0, 2229.0, 2545.0, 149.0, 578.0, 144.0, 1723.0, 940.0, 2194.0, 2523.0, 295.0, 479.0, 468.0, 1029.0, 2130.0, 959.0, 3273.0, 5186.0, 586.0, 1536.0, 2069.0, 145.0, 1251.0, 594.0, 295.0, 766.0, 2096.0, 900.0, 2313.0, 3429.0, 1049.0, 138.0, 2113.0, 729.0, 1283.0, 616.0, 629.0, 1044.0, 884.0, 150.0, 1338.0, 1535.0, 144.0, 6234.0, 422.0, 314.0, 4363.0, 625.0, 608.0, 283.0, 608.0, 2516.0, 3359.0, 140.0, 895.0, 614.0, 1333.0, 1935.0, 3954.0, 777.0, 148.0, 121.0, 137.0, 598.0, 408.0, 4863.0, 2595.0, 115.0, 1259.0, 1329.0]

17/04/12 02:44:51 INFO SparkContext: Invoking stop() from shutdown hook
17/04/12 02:44:51 INFO SparkUI: Stopped Spark web UI at http://172.29.28.211:4040
17/04/12 02:44:51 INFO MapOutputTrackerMasterEndpoint: MapOutputTrackerMasterEndpoint stopped!
17/04/12 02:44:51 INFO MemoryStore: MemoryStore cleared
17/04/12 02:44:51 INFO BlockManager: BlockManager stopped
17/04/12 02:44:51 INFO BlockManagerMaster: BlockManagerMaster stopped
17/04/12 02:44:52 INFO OutputCommitCoordinator$OutputCommitCoordinatorEndpoint: OutputCommitCoordinator stopped!
17/04/12 02:44:52 INFO SparkContext: Successfully stopped SparkContext
17/04/12 02:44:52 INFO ShutdownHookManager: Shutdown hook called
17/04/12 02:44:52 INFO ShutdownHookManager: Deleting directory /private/var/folders/wq/ryv9r2yd7yb58s84rrd0cpww0000gn/T/spark-b1025cb9-44d9-4e5e-be28-5244c72d27a6/pyspark-7a41763a-f6f3-400a-bee8-ca876de0df96
17/04/12 02:44:52 INFO ShutdownHookManager: Deleting directory /private/var/folders/wq/ryv9r2yd7yb58s84rrd0cpww0000gn/T/spark-b1025cb9-44d9-4e5e-be28-5244c72d27a6
________________________________________________________________________________
| ~/hadoop/project_py @ air-nikita (Nikita)
| =>